<?xml version="1.0" encoding="UTF-8"?>
<testng-results skipped="0" failed="26" ignored="0" total="34" passed="8">
  <reporter-output>
    <line>
      <![CDATA[Database Connection is Passed]]>
    </line>
    <line>
      <![CDATA[Database Connection is Passed]]>
    </line>
    <line>
      <![CDATA[Database Connection is Passed]]>
    </line>
    <line>
      <![CDATA[Database Connection is Passed]]>
    </line>
    <line>
      <![CDATA[Database Connection is Passed]]>
    </line>
    <line>
      <![CDATA[Database Connection is Passed]]>
    </line>
    <line>
      <![CDATA[Database Connection is Passed]]>
    </line>
    <line>
      <![CDATA[Database Connection is Passed]]>
    </line>
    <line>
      <![CDATA[Database Connection is Passed]]>
    </line>
    <line>
      <![CDATA[Database Connection is Passed]]>
    </line>
    <line>
      <![CDATA[Database Connection is Passed]]>
    </line>
    <line>
      <![CDATA[Database Connection is Passed]]>
    </line>
    <line>
      <![CDATA[Database Connection is Passed]]>
    </line>
    <line>
      <![CDATA[Database Connection is Passed]]>
    </line>
    <line>
      <![CDATA[Database Connection is Passed]]>
    </line>
    <line>
      <![CDATA[Database Connection is Passed]]>
    </line>
    <line>
      <![CDATA[Database Connection is Passed]]>
    </line>
    <line>
      <![CDATA[Database Connection is Passed]]>
    </line>
    <line>
      <![CDATA[Database Connection is Passed]]>
    </line>
    <line>
      <![CDATA[Database Connection is Passed]]>
    </line>
    <line>
      <![CDATA[Database Connection is Passed]]>
    </line>
    <line>
      <![CDATA[Database Connection is Passed]]>
    </line>
    <line>
      <![CDATA[Database Connection is Passed]]>
    </line>
    <line>
      <![CDATA[Database Connection is Passed]]>
    </line>
    <line>
      <![CDATA[Database Connection is Passed]]>
    </line>
    <line>
      <![CDATA[Database Connection is Passed]]>
    </line>
    <line>
      <![CDATA[Database Connection is Passed]]>
    </line>
    <line>
      <![CDATA[Database Connection is Passed]]>
    </line>
    <line>
      <![CDATA[Database Connection is Passed]]>
    </line>
    <line>
      <![CDATA[Database Connection is Passed]]>
    </line>
    <line>
      <![CDATA[Database Connection is Passed]]>
    </line>
    <line>
      <![CDATA[Database Connection is Passed]]>
    </line>
    <line>
      <![CDATA[Database Connection is Passed]]>
    </line>
    <line>
      <![CDATA[Database Connection is Passed]]>
    </line>
    <line>
      <![CDATA[Database Connection is Passed]]>
    </line>
    <line>
      <![CDATA[Database Connection is Passed]]>
    </line>
    <line>
      <![CDATA[Database Connection is Passed]]>
    </line>
    <line>
      <![CDATA[Database Connection is Passed]]>
    </line>
    <line>
      <![CDATA[Database Connection is Passed]]>
    </line>
    <line>
      <![CDATA[Database Connection is Passed]]>
    </line>
    <line>
      <![CDATA[Database Connection is Passed]]>
    </line>
    <line>
      <![CDATA[Database Connection is Passed]]>
    </line>
    <line>
      <![CDATA[Database Connection is Passed]]>
    </line>
    <line>
      <![CDATA[Database Connection is Passed]]>
    </line>
    <line>
      <![CDATA[Database Connection is Passed]]>
    </line>
    <line>
      <![CDATA[Database Connection is Passed]]>
    </line>
    <line>
      <![CDATA[Database Connection is Passed]]>
    </line>
    <line>
      <![CDATA[Database Connection is Passed]]>
    </line>
    <line>
      <![CDATA[Database Connection is Passed]]>
    </line>
    <line>
      <![CDATA[Database Connection is Passed]]>
    </line>
    <line>
      <![CDATA[Database Connection is Passed]]>
    </line>
    <line>
      <![CDATA[Database Connection is Passed]]>
    </line>
    <line>
      <![CDATA[Database Connection is Passed]]>
    </line>
    <line>
      <![CDATA[Database Connection is Passed]]>
    </line>
    <line>
      <![CDATA[Database Connection is Passed]]>
    </line>
    <line>
      <![CDATA[Database Connection is Passed]]>
    </line>
    <line>
      <![CDATA[Database Connection is Passed]]>
    </line>
    <line>
      <![CDATA[Database Connection is Passed]]>
    </line>
    <line>
      <![CDATA[Database Connection is Passed]]>
    </line>
    <line>
      <![CDATA[Database Connection is Passed]]>
    </line>
    <line>
      <![CDATA[Database Connection is Passed]]>
    </line>
    <line>
      <![CDATA[Database Connection is Passed]]>
    </line>
    <line>
      <![CDATA[Database Connection is Passed]]>
    </line>
    <line>
      <![CDATA[Database Connection is Passed]]>
    </line>
    <line>
      <![CDATA[Database Connection is Passed]]>
    </line>
    <line>
      <![CDATA[Database Connection is Passed]]>
    </line>
    <line>
      <![CDATA[Database Connection is Passed]]>
    </line>
    <line>
      <![CDATA[Database Connection is Passed]]>
    </line>
    <line>
      <![CDATA[Database Connection is Passed]]>
    </line>
    <line>
      <![CDATA[Database Connection is Passed]]>
    </line>
    <line>
      <![CDATA[Database Connection is Passed]]>
    </line>
    <line>
      <![CDATA[Database Connection is Passed]]>
    </line>
    <line>
      <![CDATA[Database Connection is Passed]]>
    </line>
    <line>
      <![CDATA[Database Connection is Passed]]>
    </line>
    <line>
      <![CDATA[Database Connection is Passed]]>
    </line>
    <line>
      <![CDATA[Database Connection is Passed]]>
    </line>
    <line>
      <![CDATA[Database Connection is Passed]]>
    </line>
    <line>
      <![CDATA[Database Connection is Passed]]>
    </line>
    <line>
      <![CDATA[Database Connection is Passed]]>
    </line>
    <line>
      <![CDATA[Database Connection is Passed]]>
    </line>
    <line>
      <![CDATA[Database Connection is Passed]]>
    </line>
    <line>
      <![CDATA[Database Connection is Passed]]>
    </line>
    <line>
      <![CDATA[Database Connection is Passed]]>
    </line>
    <line>
      <![CDATA[Database Connection is Passed]]>
    </line>
    <line>
      <![CDATA[Database Connection is Passed]]>
    </line>
    <line>
      <![CDATA[Database Connection is Passed]]>
    </line>
    <line>
      <![CDATA[Database Connection is Passed]]>
    </line>
    <line>
      <![CDATA[Database Connection is Passed]]>
    </line>
    <line>
      <![CDATA[Database Connection is Passed]]>
    </line>
    <line>
      <![CDATA[Database Connection is Passed]]>
    </line>
    <line>
      <![CDATA[Database Connection is Passed]]>
    </line>
    <line>
      <![CDATA[Database Connection is Passed]]>
    </line>
    <line>
      <![CDATA[Database Connection is Passed]]>
    </line>
    <line>
      <![CDATA[Database Connection is Passed]]>
    </line>
    <line>
      <![CDATA[Database Connection is Passed]]>
    </line>
    <line>
      <![CDATA[Database Connection is Passed]]>
    </line>
    <line>
      <![CDATA[Database Connection is Passed]]>
    </line>
    <line>
      <![CDATA[Database Connection is Passed]]>
    </line>
    <line>
      <![CDATA[Database Connection is Passed]]>
    </line>
    <line>
      <![CDATA[Database Connection is Passed]]>
    </line>
    <line>
      <![CDATA[Database Connection is Passed]]>
    </line>
    <line>
      <![CDATA[Database Connection is Passed]]>
    </line>
    <line>
      <![CDATA[Database Connection is Passed]]>
    </line>
    <line>
      <![CDATA[Database Connection is Passed]]>
    </line>
    <line>
      <![CDATA[Database Connection is Passed]]>
    </line>
    <line>
      <![CDATA[Database Connection is Passed]]>
    </line>
    <line>
      <![CDATA[Database Connection is Passed]]>
    </line>
    <line>
      <![CDATA[Database Connection is Passed]]>
    </line>
    <line>
      <![CDATA[Database Connection is Passed]]>
    </line>
    <line>
      <![CDATA[Database Connection is Passed]]>
    </line>
    <line>
      <![CDATA[Database Connection is Passed]]>
    </line>
  </reporter-output>
  <suite name="Suite" duration-ms="5898" started-at="2017-07-17T05:51:13Z" finished-at="2017-07-17T05:51:19Z">
    <groups>
    </groups>
    <test name="Test" duration-ms="5898" started-at="2017-07-17T05:51:13Z" finished-at="2017-07-17T05:51:19Z">
      <class name="exe.HS_TS001_ConnCheck">
        <test-method status="PASS" signature="HS_DBConnCheck_TC001()[pri:0, instance:exe.HS_TS001_ConnCheck@6e06451e]" name="HS_DBConnCheck_TC001" duration-ms="799" started-at="2017-07-17T11:21:13Z" finished-at="2017-07-17T11:21:14Z">
          <reporter-output>
            <line>
              <![CDATA[Database Connection is Passed]]>
            </line>
            <line>
              <![CDATA[Database Connection is Passed]]>
            </line>
            <line>
              <![CDATA[Database Connection is Passed]]>
            </line>
            <line>
              <![CDATA[Database Connection is Passed]]>
            </line>
            <line>
              <![CDATA[Database Connection is Passed]]>
            </line>
            <line>
              <![CDATA[Database Connection is Passed]]>
            </line>
            <line>
              <![CDATA[Database Connection is Passed]]>
            </line>
            <line>
              <![CDATA[Database Connection is Passed]]>
            </line>
            <line>
              <![CDATA[Database Connection is Passed]]>
            </line>
            <line>
              <![CDATA[Database Connection is Passed]]>
            </line>
            <line>
              <![CDATA[Database Connection is Passed]]>
            </line>
            <line>
              <![CDATA[Database Connection is Passed]]>
            </line>
            <line>
              <![CDATA[Database Connection is Passed]]>
            </line>
            <line>
              <![CDATA[Database Connection is Passed]]>
            </line>
            <line>
              <![CDATA[Database Connection is Passed]]>
            </line>
            <line>
              <![CDATA[Database Connection is Passed]]>
            </line>
            <line>
              <![CDATA[Database Connection is Passed]]>
            </line>
            <line>
              <![CDATA[Database Connection is Passed]]>
            </line>
            <line>
              <![CDATA[Database Connection is Passed]]>
            </line>
            <line>
              <![CDATA[Database Connection is Passed]]>
            </line>
            <line>
              <![CDATA[Database Connection is Passed]]>
            </line>
            <line>
              <![CDATA[Database Connection is Passed]]>
            </line>
            <line>
              <![CDATA[Database Connection is Passed]]>
            </line>
            <line>
              <![CDATA[Database Connection is Passed]]>
            </line>
            <line>
              <![CDATA[Database Connection is Passed]]>
            </line>
            <line>
              <![CDATA[Database Connection is Passed]]>
            </line>
            <line>
              <![CDATA[Database Connection is Passed]]>
            </line>
            <line>
              <![CDATA[Database Connection is Passed]]>
            </line>
            <line>
              <![CDATA[Database Connection is Passed]]>
            </line>
            <line>
              <![CDATA[Database Connection is Passed]]>
            </line>
            <line>
              <![CDATA[Database Connection is Passed]]>
            </line>
            <line>
              <![CDATA[Database Connection is Passed]]>
            </line>
            <line>
              <![CDATA[Database Connection is Passed]]>
            </line>
            <line>
              <![CDATA[Database Connection is Passed]]>
            </line>
            <line>
              <![CDATA[Database Connection is Passed]]>
            </line>
            <line>
              <![CDATA[Database Connection is Passed]]>
            </line>
            <line>
              <![CDATA[Database Connection is Passed]]>
            </line>
            <line>
              <![CDATA[Database Connection is Passed]]>
            </line>
            <line>
              <![CDATA[Database Connection is Passed]]>
            </line>
            <line>
              <![CDATA[Database Connection is Passed]]>
            </line>
            <line>
              <![CDATA[Database Connection is Passed]]>
            </line>
            <line>
              <![CDATA[Database Connection is Passed]]>
            </line>
            <line>
              <![CDATA[Database Connection is Passed]]>
            </line>
            <line>
              <![CDATA[Database Connection is Passed]]>
            </line>
            <line>
              <![CDATA[Database Connection is Passed]]>
            </line>
            <line>
              <![CDATA[Database Connection is Passed]]>
            </line>
            <line>
              <![CDATA[Database Connection is Passed]]>
            </line>
            <line>
              <![CDATA[Database Connection is Passed]]>
            </line>
            <line>
              <![CDATA[Database Connection is Passed]]>
            </line>
            <line>
              <![CDATA[Database Connection is Passed]]>
            </line>
            <line>
              <![CDATA[Database Connection is Passed]]>
            </line>
            <line>
              <![CDATA[Database Connection is Passed]]>
            </line>
            <line>
              <![CDATA[Database Connection is Passed]]>
            </line>
            <line>
              <![CDATA[Database Connection is Passed]]>
            </line>
            <line>
              <![CDATA[Database Connection is Passed]]>
            </line>
            <line>
              <![CDATA[Database Connection is Passed]]>
            </line>
            <line>
              <![CDATA[Database Connection is Passed]]>
            </line>
            <line>
              <![CDATA[Database Connection is Passed]]>
            </line>
            <line>
              <![CDATA[Database Connection is Passed]]>
            </line>
            <line>
              <![CDATA[Database Connection is Passed]]>
            </line>
            <line>
              <![CDATA[Database Connection is Passed]]>
            </line>
            <line>
              <![CDATA[Database Connection is Passed]]>
            </line>
            <line>
              <![CDATA[Database Connection is Passed]]>
            </line>
            <line>
              <![CDATA[Database Connection is Passed]]>
            </line>
            <line>
              <![CDATA[Database Connection is Passed]]>
            </line>
            <line>
              <![CDATA[Database Connection is Passed]]>
            </line>
            <line>
              <![CDATA[Database Connection is Passed]]>
            </line>
            <line>
              <![CDATA[Database Connection is Passed]]>
            </line>
            <line>
              <![CDATA[Database Connection is Passed]]>
            </line>
            <line>
              <![CDATA[Database Connection is Passed]]>
            </line>
            <line>
              <![CDATA[Database Connection is Passed]]>
            </line>
            <line>
              <![CDATA[Database Connection is Passed]]>
            </line>
            <line>
              <![CDATA[Database Connection is Passed]]>
            </line>
            <line>
              <![CDATA[Database Connection is Passed]]>
            </line>
            <line>
              <![CDATA[Database Connection is Passed]]>
            </line>
            <line>
              <![CDATA[Database Connection is Passed]]>
            </line>
            <line>
              <![CDATA[Database Connection is Passed]]>
            </line>
            <line>
              <![CDATA[Database Connection is Passed]]>
            </line>
            <line>
              <![CDATA[Database Connection is Passed]]>
            </line>
            <line>
              <![CDATA[Database Connection is Passed]]>
            </line>
            <line>
              <![CDATA[Database Connection is Passed]]>
            </line>
            <line>
              <![CDATA[Database Connection is Passed]]>
            </line>
            <line>
              <![CDATA[Database Connection is Passed]]>
            </line>
            <line>
              <![CDATA[Database Connection is Passed]]>
            </line>
            <line>
              <![CDATA[Database Connection is Passed]]>
            </line>
            <line>
              <![CDATA[Database Connection is Passed]]>
            </line>
            <line>
              <![CDATA[Database Connection is Passed]]>
            </line>
            <line>
              <![CDATA[Database Connection is Passed]]>
            </line>
            <line>
              <![CDATA[Database Connection is Passed]]>
            </line>
            <line>
              <![CDATA[Database Connection is Passed]]>
            </line>
            <line>
              <![CDATA[Database Connection is Passed]]>
            </line>
            <line>
              <![CDATA[Database Connection is Passed]]>
            </line>
            <line>
              <![CDATA[Database Connection is Passed]]>
            </line>
            <line>
              <![CDATA[Database Connection is Passed]]>
            </line>
            <line>
              <![CDATA[Database Connection is Passed]]>
            </line>
            <line>
              <![CDATA[Database Connection is Passed]]>
            </line>
            <line>
              <![CDATA[Database Connection is Passed]]>
            </line>
            <line>
              <![CDATA[Database Connection is Passed]]>
            </line>
            <line>
              <![CDATA[Database Connection is Passed]]>
            </line>
            <line>
              <![CDATA[Database Connection is Passed]]>
            </line>
            <line>
              <![CDATA[Database Connection is Passed]]>
            </line>
            <line>
              <![CDATA[Database Connection is Passed]]>
            </line>
            <line>
              <![CDATA[Database Connection is Passed]]>
            </line>
            <line>
              <![CDATA[Database Connection is Passed]]>
            </line>
            <line>
              <![CDATA[Database Connection is Passed]]>
            </line>
            <line>
              <![CDATA[Database Connection is Passed]]>
            </line>
            <line>
              <![CDATA[Database Connection is Passed]]>
            </line>
            <line>
              <![CDATA[Database Connection is Passed]]>
            </line>
            <line>
              <![CDATA[Database Connection is Passed]]>
            </line>
            <line>
              <![CDATA[Database Connection is Passed]]>
            </line>
            <line>
              <![CDATA[Database Connection is Passed]]>
            </line>
          </reporter-output>
        </test-method> <!-- HS_DBConnCheck_TC001 -->
        <test-method status="PASS" signature="HS_InputFileExistance_TC002()[pri:0, instance:exe.HS_TS001_ConnCheck@6e06451e]" name="HS_InputFileExistance_TC002" duration-ms="308" started-at="2017-07-17T11:21:14Z" finished-at="2017-07-17T11:21:14Z">
          <reporter-output>
          </reporter-output>
        </test-method> <!-- HS_InputFileExistance_TC002 -->
      </class> <!-- exe.HS_TS001_ConnCheck -->
      <class name="exe.HS_TS007_Premise_Name_Check">
        <test-method status="FAIL" signature="HS_Premise_First_Name_Check_TC018()[pri:0, instance:exe.HS_TS007_Premise_Name_Check@1ed4004b]" name="HS_Premise_First_Name_Check_TC018" duration-ms="7" started-at="2017-07-17T11:21:15Z" finished-at="2017-07-17T11:21:15Z">
          <exception class="junit.framework.AssertionFailedError">
            <message>
              <![CDATA[Premise_First_Name is Mandatory expected:<0> but was:<14>]]>
            </message>
            <full-stacktrace>
              <![CDATA[junit.framework.AssertionFailedError: Premise_First_Name is Mandatory expected:<0> but was:<14>
	at junit.framework.Assert.fail(Assert.java:57)
	at junit.framework.Assert.failNotEquals(Assert.java:329)
	at junit.framework.Assert.assertEquals(Assert.java:78)
	at junit.framework.Assert.assertEquals(Assert.java:234)
	at exe.HS_TS007_Premise_Name_Check.HS_Premise_First_Name_Check_TC018(HS_TS007_Premise_Name_Check.java:32)
	at sun.reflect.NativeMethodAccessorImpl.invoke0(Native Method)
	at sun.reflect.NativeMethodAccessorImpl.invoke(NativeMethodAccessorImpl.java:62)
	at sun.reflect.DelegatingMethodAccessorImpl.invoke(DelegatingMethodAccessorImpl.java:43)
	at java.lang.reflect.Method.invoke(Method.java:498)
	at org.testng.internal.MethodInvocationHelper.invokeMethod(MethodInvocationHelper.java:108)
	at org.testng.internal.Invoker.invokeMethod(Invoker.java:661)
	at org.testng.internal.Invoker.invokeTestMethod(Invoker.java:869)
	at org.testng.internal.Invoker.invokeTestMethods(Invoker.java:1193)
	at org.testng.internal.TestMethodWorker.invokeTestMethods(TestMethodWorker.java:126)
	at org.testng.internal.TestMethodWorker.run(TestMethodWorker.java:109)
	at org.testng.TestRunner.privateRun(TestRunner.java:744)
	at org.testng.TestRunner.run(TestRunner.java:602)
	at org.testng.SuiteRunner.runTest(SuiteRunner.java:380)
	at org.testng.SuiteRunner.runSequentially(SuiteRunner.java:375)
	at org.testng.SuiteRunner.privateRun(SuiteRunner.java:340)
	at org.testng.SuiteRunner.run(SuiteRunner.java:289)
	at org.testng.SuiteRunnerWorker.runSuite(SuiteRunnerWorker.java:52)
	at org.testng.SuiteRunnerWorker.run(SuiteRunnerWorker.java:86)
	at org.testng.TestNG.runSuitesSequentially(TestNG.java:1301)
	at org.testng.TestNG.runSuitesLocally(TestNG.java:1226)
	at org.testng.TestNG.runSuites(TestNG.java:1144)
	at org.testng.TestNG.run(TestNG.java:1115)
	at org.testng.remote.AbstractRemoteTestNG.run(AbstractRemoteTestNG.java:132)
	at org.testng.remote.RemoteTestNG.initAndRun(RemoteTestNG.java:230)
	at org.testng.remote.RemoteTestNG.main(RemoteTestNG.java:76)
]]>
            </full-stacktrace>
          </exception> <!-- junit.framework.AssertionFailedError -->
          <reporter-output>
          </reporter-output>
        </test-method> <!-- HS_Premise_First_Name_Check_TC018 -->
        <test-method status="FAIL" signature="HS_Premise_Last_Name_Check_TC019()[pri:0, instance:exe.HS_TS007_Premise_Name_Check@1ed4004b]" name="HS_Premise_Last_Name_Check_TC019" duration-ms="16" started-at="2017-07-17T11:21:15Z" finished-at="2017-07-17T11:21:15Z">
          <exception class="junit.framework.AssertionFailedError">
            <message>
              <![CDATA[Premise_Last_Name is Mandatory expected:<0> but was:<2>]]>
            </message>
            <full-stacktrace>
              <![CDATA[junit.framework.AssertionFailedError: Premise_Last_Name is Mandatory expected:<0> but was:<2>
	at junit.framework.Assert.fail(Assert.java:57)
	at junit.framework.Assert.failNotEquals(Assert.java:329)
	at junit.framework.Assert.assertEquals(Assert.java:78)
	at junit.framework.Assert.assertEquals(Assert.java:234)
	at exe.HS_TS007_Premise_Name_Check.HS_Premise_Last_Name_Check_TC019(HS_TS007_Premise_Name_Check.java:61)
	at sun.reflect.NativeMethodAccessorImpl.invoke0(Native Method)
	at sun.reflect.NativeMethodAccessorImpl.invoke(NativeMethodAccessorImpl.java:62)
	at sun.reflect.DelegatingMethodAccessorImpl.invoke(DelegatingMethodAccessorImpl.java:43)
	at java.lang.reflect.Method.invoke(Method.java:498)
	at org.testng.internal.MethodInvocationHelper.invokeMethod(MethodInvocationHelper.java:108)
	at org.testng.internal.Invoker.invokeMethod(Invoker.java:661)
	at org.testng.internal.Invoker.invokeTestMethod(Invoker.java:869)
	at org.testng.internal.Invoker.invokeTestMethods(Invoker.java:1193)
	at org.testng.internal.TestMethodWorker.invokeTestMethods(TestMethodWorker.java:126)
	at org.testng.internal.TestMethodWorker.run(TestMethodWorker.java:109)
	at org.testng.TestRunner.privateRun(TestRunner.java:744)
	at org.testng.TestRunner.run(TestRunner.java:602)
	at org.testng.SuiteRunner.runTest(SuiteRunner.java:380)
	at org.testng.SuiteRunner.runSequentially(SuiteRunner.java:375)
	at org.testng.SuiteRunner.privateRun(SuiteRunner.java:340)
	at org.testng.SuiteRunner.run(SuiteRunner.java:289)
	at org.testng.SuiteRunnerWorker.runSuite(SuiteRunnerWorker.java:52)
	at org.testng.SuiteRunnerWorker.run(SuiteRunnerWorker.java:86)
	at org.testng.TestNG.runSuitesSequentially(TestNG.java:1301)
	at org.testng.TestNG.runSuitesLocally(TestNG.java:1226)
	at org.testng.TestNG.runSuites(TestNG.java:1144)
	at org.testng.TestNG.run(TestNG.java:1115)
	at org.testng.remote.AbstractRemoteTestNG.run(AbstractRemoteTestNG.java:132)
	at org.testng.remote.RemoteTestNG.initAndRun(RemoteTestNG.java:230)
	at org.testng.remote.RemoteTestNG.main(RemoteTestNG.java:76)
]]>
            </full-stacktrace>
          </exception> <!-- junit.framework.AssertionFailedError -->
          <reporter-output>
          </reporter-output>
        </test-method> <!-- HS_Premise_Last_Name_Check_TC019 -->
      </class> <!-- exe.HS_TS007_Premise_Name_Check -->
      <class name="exe.HS_TS010_PaymentsFromPartner_Check">
        <test-method status="FAIL" signature="HS_SJPayments_AccountNumber_Check_TC028()[pri:0, instance:exe.HS_TS010_PaymentsFromPartner_Check@5702b3b1]" name="HS_SJPayments_AccountNumber_Check_TC028" duration-ms="9" started-at="2017-07-17T11:21:15Z" finished-at="2017-07-17T11:21:15Z">
          <exception class="java.sql.SQLSyntaxErrorException">
            <message>
              <![CDATA[Table 'homeserve.sjpaymentsfrompartner' doesn't exist]]>
            </message>
            <full-stacktrace>
              <![CDATA[java.sql.SQLSyntaxErrorException: Table 'homeserve.sjpaymentsfrompartner' doesn't exist
	at com.mysql.cj.jdbc.exceptions.SQLError.createSQLException(SQLError.java:536)
	at com.mysql.cj.jdbc.exceptions.SQLError.createSQLException(SQLError.java:513)
	at com.mysql.cj.jdbc.exceptions.SQLExceptionsMapping.translateException(SQLExceptionsMapping.java:115)
	at com.mysql.cj.jdbc.ConnectionImpl.execSQL(ConnectionImpl.java:1983)
	at com.mysql.cj.jdbc.ConnectionImpl.execSQL(ConnectionImpl.java:1936)
	at com.mysql.cj.jdbc.StatementImpl.executeQuery(StatementImpl.java:1422)
	at exe.HS_TS010_PaymentsFromPartner_Check.HS_SJPayments_AccountNumber_Check_TC028(HS_TS010_PaymentsFromPartner_Check.java:31)
	at sun.reflect.NativeMethodAccessorImpl.invoke0(Native Method)
	at sun.reflect.NativeMethodAccessorImpl.invoke(NativeMethodAccessorImpl.java:62)
	at sun.reflect.DelegatingMethodAccessorImpl.invoke(DelegatingMethodAccessorImpl.java:43)
	at java.lang.reflect.Method.invoke(Method.java:498)
	at org.testng.internal.MethodInvocationHelper.invokeMethod(MethodInvocationHelper.java:108)
	at org.testng.internal.Invoker.invokeMethod(Invoker.java:661)
	at org.testng.internal.Invoker.invokeTestMethod(Invoker.java:869)
	at org.testng.internal.Invoker.invokeTestMethods(Invoker.java:1193)
	at org.testng.internal.TestMethodWorker.invokeTestMethods(TestMethodWorker.java:126)
	at org.testng.internal.TestMethodWorker.run(TestMethodWorker.java:109)
	at org.testng.TestRunner.privateRun(TestRunner.java:744)
	at org.testng.TestRunner.run(TestRunner.java:602)
	at org.testng.SuiteRunner.runTest(SuiteRunner.java:380)
	at org.testng.SuiteRunner.runSequentially(SuiteRunner.java:375)
	at org.testng.SuiteRunner.privateRun(SuiteRunner.java:340)
	at org.testng.SuiteRunner.run(SuiteRunner.java:289)
	at org.testng.SuiteRunnerWorker.runSuite(SuiteRunnerWorker.java:52)
	at org.testng.SuiteRunnerWorker.run(SuiteRunnerWorker.java:86)
	at org.testng.TestNG.runSuitesSequentially(TestNG.java:1301)
	at org.testng.TestNG.runSuitesLocally(TestNG.java:1226)
	at org.testng.TestNG.runSuites(TestNG.java:1144)
	at org.testng.TestNG.run(TestNG.java:1115)
	at org.testng.remote.AbstractRemoteTestNG.run(AbstractRemoteTestNG.java:132)
	at org.testng.remote.RemoteTestNG.initAndRun(RemoteTestNG.java:230)
	at org.testng.remote.RemoteTestNG.main(RemoteTestNG.java:76)
]]>
            </full-stacktrace>
          </exception> <!-- java.sql.SQLSyntaxErrorException -->
          <reporter-output>
          </reporter-output>
        </test-method> <!-- HS_SJPayments_AccountNumber_Check_TC028 -->
        <test-method status="FAIL" signature="HS_SJPayments_ChargeType_Check_TC029()[pri:0, instance:exe.HS_TS010_PaymentsFromPartner_Check@5702b3b1]" name="HS_SJPayments_ChargeType_Check_TC029" duration-ms="6" started-at="2017-07-17T11:21:15Z" finished-at="2017-07-17T11:21:15Z">
          <exception class="java.sql.SQLSyntaxErrorException">
            <message>
              <![CDATA[Table 'homeserve.sjpaymentsfrompartner' doesn't exist]]>
            </message>
            <full-stacktrace>
              <![CDATA[java.sql.SQLSyntaxErrorException: Table 'homeserve.sjpaymentsfrompartner' doesn't exist
	at com.mysql.cj.jdbc.exceptions.SQLError.createSQLException(SQLError.java:536)
	at com.mysql.cj.jdbc.exceptions.SQLError.createSQLException(SQLError.java:513)
	at com.mysql.cj.jdbc.exceptions.SQLExceptionsMapping.translateException(SQLExceptionsMapping.java:115)
	at com.mysql.cj.jdbc.ConnectionImpl.execSQL(ConnectionImpl.java:1983)
	at com.mysql.cj.jdbc.ConnectionImpl.execSQL(ConnectionImpl.java:1936)
	at com.mysql.cj.jdbc.StatementImpl.executeQuery(StatementImpl.java:1422)
	at exe.HS_TS010_PaymentsFromPartner_Check.HS_SJPayments_ChargeType_Check_TC029(HS_TS010_PaymentsFromPartner_Check.java:57)
	at sun.reflect.NativeMethodAccessorImpl.invoke0(Native Method)
	at sun.reflect.NativeMethodAccessorImpl.invoke(NativeMethodAccessorImpl.java:62)
	at sun.reflect.DelegatingMethodAccessorImpl.invoke(DelegatingMethodAccessorImpl.java:43)
	at java.lang.reflect.Method.invoke(Method.java:498)
	at org.testng.internal.MethodInvocationHelper.invokeMethod(MethodInvocationHelper.java:108)
	at org.testng.internal.Invoker.invokeMethod(Invoker.java:661)
	at org.testng.internal.Invoker.invokeTestMethod(Invoker.java:869)
	at org.testng.internal.Invoker.invokeTestMethods(Invoker.java:1193)
	at org.testng.internal.TestMethodWorker.invokeTestMethods(TestMethodWorker.java:126)
	at org.testng.internal.TestMethodWorker.run(TestMethodWorker.java:109)
	at org.testng.TestRunner.privateRun(TestRunner.java:744)
	at org.testng.TestRunner.run(TestRunner.java:602)
	at org.testng.SuiteRunner.runTest(SuiteRunner.java:380)
	at org.testng.SuiteRunner.runSequentially(SuiteRunner.java:375)
	at org.testng.SuiteRunner.privateRun(SuiteRunner.java:340)
	at org.testng.SuiteRunner.run(SuiteRunner.java:289)
	at org.testng.SuiteRunnerWorker.runSuite(SuiteRunnerWorker.java:52)
	at org.testng.SuiteRunnerWorker.run(SuiteRunnerWorker.java:86)
	at org.testng.TestNG.runSuitesSequentially(TestNG.java:1301)
	at org.testng.TestNG.runSuitesLocally(TestNG.java:1226)
	at org.testng.TestNG.runSuites(TestNG.java:1144)
	at org.testng.TestNG.run(TestNG.java:1115)
	at org.testng.remote.AbstractRemoteTestNG.run(AbstractRemoteTestNG.java:132)
	at org.testng.remote.RemoteTestNG.initAndRun(RemoteTestNG.java:230)
	at org.testng.remote.RemoteTestNG.main(RemoteTestNG.java:76)
]]>
            </full-stacktrace>
          </exception> <!-- java.sql.SQLSyntaxErrorException -->
          <reporter-output>
          </reporter-output>
        </test-method> <!-- HS_SJPayments_ChargeType_Check_TC029 -->
        <test-method status="FAIL" signature="HS_SJPayments_Invoice_Number_Check_TC030()[pri:0, instance:exe.HS_TS010_PaymentsFromPartner_Check@5702b3b1]" name="HS_SJPayments_Invoice_Number_Check_TC030" duration-ms="7" started-at="2017-07-17T11:21:15Z" finished-at="2017-07-17T11:21:15Z">
          <exception class="java.sql.SQLSyntaxErrorException">
            <message>
              <![CDATA[Table 'homeserve.sjpaymentsfrompartner' doesn't exist]]>
            </message>
            <full-stacktrace>
              <![CDATA[java.sql.SQLSyntaxErrorException: Table 'homeserve.sjpaymentsfrompartner' doesn't exist
	at com.mysql.cj.jdbc.exceptions.SQLError.createSQLException(SQLError.java:536)
	at com.mysql.cj.jdbc.exceptions.SQLError.createSQLException(SQLError.java:513)
	at com.mysql.cj.jdbc.exceptions.SQLExceptionsMapping.translateException(SQLExceptionsMapping.java:115)
	at com.mysql.cj.jdbc.ConnectionImpl.execSQL(ConnectionImpl.java:1983)
	at com.mysql.cj.jdbc.ConnectionImpl.execSQL(ConnectionImpl.java:1936)
	at com.mysql.cj.jdbc.StatementImpl.executeQuery(StatementImpl.java:1422)
	at exe.HS_TS010_PaymentsFromPartner_Check.HS_SJPayments_Invoice_Number_Check_TC030(HS_TS010_PaymentsFromPartner_Check.java:86)
	at sun.reflect.NativeMethodAccessorImpl.invoke0(Native Method)
	at sun.reflect.NativeMethodAccessorImpl.invoke(NativeMethodAccessorImpl.java:62)
	at sun.reflect.DelegatingMethodAccessorImpl.invoke(DelegatingMethodAccessorImpl.java:43)
	at java.lang.reflect.Method.invoke(Method.java:498)
	at org.testng.internal.MethodInvocationHelper.invokeMethod(MethodInvocationHelper.java:108)
	at org.testng.internal.Invoker.invokeMethod(Invoker.java:661)
	at org.testng.internal.Invoker.invokeTestMethod(Invoker.java:869)
	at org.testng.internal.Invoker.invokeTestMethods(Invoker.java:1193)
	at org.testng.internal.TestMethodWorker.invokeTestMethods(TestMethodWorker.java:126)
	at org.testng.internal.TestMethodWorker.run(TestMethodWorker.java:109)
	at org.testng.TestRunner.privateRun(TestRunner.java:744)
	at org.testng.TestRunner.run(TestRunner.java:602)
	at org.testng.SuiteRunner.runTest(SuiteRunner.java:380)
	at org.testng.SuiteRunner.runSequentially(SuiteRunner.java:375)
	at org.testng.SuiteRunner.privateRun(SuiteRunner.java:340)
	at org.testng.SuiteRunner.run(SuiteRunner.java:289)
	at org.testng.SuiteRunnerWorker.runSuite(SuiteRunnerWorker.java:52)
	at org.testng.SuiteRunnerWorker.run(SuiteRunnerWorker.java:86)
	at org.testng.TestNG.runSuitesSequentially(TestNG.java:1301)
	at org.testng.TestNG.runSuitesLocally(TestNG.java:1226)
	at org.testng.TestNG.runSuites(TestNG.java:1144)
	at org.testng.TestNG.run(TestNG.java:1115)
	at org.testng.remote.AbstractRemoteTestNG.run(AbstractRemoteTestNG.java:132)
	at org.testng.remote.RemoteTestNG.initAndRun(RemoteTestNG.java:230)
	at org.testng.remote.RemoteTestNG.main(RemoteTestNG.java:76)
]]>
            </full-stacktrace>
          </exception> <!-- java.sql.SQLSyntaxErrorException -->
          <reporter-output>
          </reporter-output>
        </test-method> <!-- HS_SJPayments_Invoice_Number_Check_TC030 -->
        <test-method status="FAIL" signature="HS_SJPayments_Partner_ChargeSign_Check_TC032()[pri:0, instance:exe.HS_TS010_PaymentsFromPartner_Check@5702b3b1]" name="HS_SJPayments_Partner_ChargeSign_Check_TC032" duration-ms="6" started-at="2017-07-17T11:21:15Z" finished-at="2017-07-17T11:21:15Z">
          <exception class="java.sql.SQLSyntaxErrorException">
            <message>
              <![CDATA[Table 'homeserve.sjpaymentsfrompartner' doesn't exist]]>
            </message>
            <full-stacktrace>
              <![CDATA[java.sql.SQLSyntaxErrorException: Table 'homeserve.sjpaymentsfrompartner' doesn't exist
	at com.mysql.cj.jdbc.exceptions.SQLError.createSQLException(SQLError.java:536)
	at com.mysql.cj.jdbc.exceptions.SQLError.createSQLException(SQLError.java:513)
	at com.mysql.cj.jdbc.exceptions.SQLExceptionsMapping.translateException(SQLExceptionsMapping.java:115)
	at com.mysql.cj.jdbc.ConnectionImpl.execSQL(ConnectionImpl.java:1983)
	at com.mysql.cj.jdbc.ConnectionImpl.execSQL(ConnectionImpl.java:1936)
	at com.mysql.cj.jdbc.StatementImpl.executeQuery(StatementImpl.java:1422)
	at exe.HS_TS010_PaymentsFromPartner_Check.HS_SJPayments_Partner_ChargeSign_Check_TC032(HS_TS010_PaymentsFromPartner_Check.java:143)
	at sun.reflect.NativeMethodAccessorImpl.invoke0(Native Method)
	at sun.reflect.NativeMethodAccessorImpl.invoke(NativeMethodAccessorImpl.java:62)
	at sun.reflect.DelegatingMethodAccessorImpl.invoke(DelegatingMethodAccessorImpl.java:43)
	at java.lang.reflect.Method.invoke(Method.java:498)
	at org.testng.internal.MethodInvocationHelper.invokeMethod(MethodInvocationHelper.java:108)
	at org.testng.internal.Invoker.invokeMethod(Invoker.java:661)
	at org.testng.internal.Invoker.invokeTestMethod(Invoker.java:869)
	at org.testng.internal.Invoker.invokeTestMethods(Invoker.java:1193)
	at org.testng.internal.TestMethodWorker.invokeTestMethods(TestMethodWorker.java:126)
	at org.testng.internal.TestMethodWorker.run(TestMethodWorker.java:109)
	at org.testng.TestRunner.privateRun(TestRunner.java:744)
	at org.testng.TestRunner.run(TestRunner.java:602)
	at org.testng.SuiteRunner.runTest(SuiteRunner.java:380)
	at org.testng.SuiteRunner.runSequentially(SuiteRunner.java:375)
	at org.testng.SuiteRunner.privateRun(SuiteRunner.java:340)
	at org.testng.SuiteRunner.run(SuiteRunner.java:289)
	at org.testng.SuiteRunnerWorker.runSuite(SuiteRunnerWorker.java:52)
	at org.testng.SuiteRunnerWorker.run(SuiteRunnerWorker.java:86)
	at org.testng.TestNG.runSuitesSequentially(TestNG.java:1301)
	at org.testng.TestNG.runSuitesLocally(TestNG.java:1226)
	at org.testng.TestNG.runSuites(TestNG.java:1144)
	at org.testng.TestNG.run(TestNG.java:1115)
	at org.testng.remote.AbstractRemoteTestNG.run(AbstractRemoteTestNG.java:132)
	at org.testng.remote.RemoteTestNG.initAndRun(RemoteTestNG.java:230)
	at org.testng.remote.RemoteTestNG.main(RemoteTestNG.java:76)
]]>
            </full-stacktrace>
          </exception> <!-- java.sql.SQLSyntaxErrorException -->
          <reporter-output>
          </reporter-output>
        </test-method> <!-- HS_SJPayments_Partner_ChargeSign_Check_TC032 -->
        <test-method status="FAIL" signature="HS_SJPayments_Partner_Record_Type_Check_TC033()[pri:0, instance:exe.HS_TS010_PaymentsFromPartner_Check@5702b3b1]" name="HS_SJPayments_Partner_Record_Type_Check_TC033" duration-ms="5" started-at="2017-07-17T11:21:15Z" finished-at="2017-07-17T11:21:15Z">
          <exception class="java.sql.SQLSyntaxErrorException">
            <message>
              <![CDATA[Table 'homeserve.sjpaymentsfrompartner' doesn't exist]]>
            </message>
            <full-stacktrace>
              <![CDATA[java.sql.SQLSyntaxErrorException: Table 'homeserve.sjpaymentsfrompartner' doesn't exist
	at com.mysql.cj.jdbc.exceptions.SQLError.createSQLException(SQLError.java:536)
	at com.mysql.cj.jdbc.exceptions.SQLError.createSQLException(SQLError.java:513)
	at com.mysql.cj.jdbc.exceptions.SQLExceptionsMapping.translateException(SQLExceptionsMapping.java:115)
	at com.mysql.cj.jdbc.ConnectionImpl.execSQL(ConnectionImpl.java:1983)
	at com.mysql.cj.jdbc.ConnectionImpl.execSQL(ConnectionImpl.java:1936)
	at com.mysql.cj.jdbc.StatementImpl.executeQuery(StatementImpl.java:1422)
	at exe.HS_TS010_PaymentsFromPartner_Check.HS_SJPayments_Partner_Record_Type_Check_TC033(HS_TS010_PaymentsFromPartner_Check.java:172)
	at sun.reflect.NativeMethodAccessorImpl.invoke0(Native Method)
	at sun.reflect.NativeMethodAccessorImpl.invoke(NativeMethodAccessorImpl.java:62)
	at sun.reflect.DelegatingMethodAccessorImpl.invoke(DelegatingMethodAccessorImpl.java:43)
	at java.lang.reflect.Method.invoke(Method.java:498)
	at org.testng.internal.MethodInvocationHelper.invokeMethod(MethodInvocationHelper.java:108)
	at org.testng.internal.Invoker.invokeMethod(Invoker.java:661)
	at org.testng.internal.Invoker.invokeTestMethod(Invoker.java:869)
	at org.testng.internal.Invoker.invokeTestMethods(Invoker.java:1193)
	at org.testng.internal.TestMethodWorker.invokeTestMethods(TestMethodWorker.java:126)
	at org.testng.internal.TestMethodWorker.run(TestMethodWorker.java:109)
	at org.testng.TestRunner.privateRun(TestRunner.java:744)
	at org.testng.TestRunner.run(TestRunner.java:602)
	at org.testng.SuiteRunner.runTest(SuiteRunner.java:380)
	at org.testng.SuiteRunner.runSequentially(SuiteRunner.java:375)
	at org.testng.SuiteRunner.privateRun(SuiteRunner.java:340)
	at org.testng.SuiteRunner.run(SuiteRunner.java:289)
	at org.testng.SuiteRunnerWorker.runSuite(SuiteRunnerWorker.java:52)
	at org.testng.SuiteRunnerWorker.run(SuiteRunnerWorker.java:86)
	at org.testng.TestNG.runSuitesSequentially(TestNG.java:1301)
	at org.testng.TestNG.runSuitesLocally(TestNG.java:1226)
	at org.testng.TestNG.runSuites(TestNG.java:1144)
	at org.testng.TestNG.run(TestNG.java:1115)
	at org.testng.remote.AbstractRemoteTestNG.run(AbstractRemoteTestNG.java:132)
	at org.testng.remote.RemoteTestNG.initAndRun(RemoteTestNG.java:230)
	at org.testng.remote.RemoteTestNG.main(RemoteTestNG.java:76)
]]>
            </full-stacktrace>
          </exception> <!-- java.sql.SQLSyntaxErrorException -->
          <reporter-output>
          </reporter-output>
        </test-method> <!-- HS_SJPayments_Partner_Record_Type_Check_TC033 -->
        <test-method status="FAIL" signature="HS_SJPayments_Transaction_Amount_Check_TC031()[pri:0, instance:exe.HS_TS010_PaymentsFromPartner_Check@5702b3b1]" name="HS_SJPayments_Transaction_Amount_Check_TC031" duration-ms="5" started-at="2017-07-17T11:21:15Z" finished-at="2017-07-17T11:21:15Z">
          <exception class="java.sql.SQLSyntaxErrorException">
            <message>
              <![CDATA[Table 'homeserve.sjpaymentsfrompartner' doesn't exist]]>
            </message>
            <full-stacktrace>
              <![CDATA[java.sql.SQLSyntaxErrorException: Table 'homeserve.sjpaymentsfrompartner' doesn't exist
	at com.mysql.cj.jdbc.exceptions.SQLError.createSQLException(SQLError.java:536)
	at com.mysql.cj.jdbc.exceptions.SQLError.createSQLException(SQLError.java:513)
	at com.mysql.cj.jdbc.exceptions.SQLExceptionsMapping.translateException(SQLExceptionsMapping.java:115)
	at com.mysql.cj.jdbc.ConnectionImpl.execSQL(ConnectionImpl.java:1983)
	at com.mysql.cj.jdbc.ConnectionImpl.execSQL(ConnectionImpl.java:1936)
	at com.mysql.cj.jdbc.StatementImpl.executeQuery(StatementImpl.java:1422)
	at exe.HS_TS010_PaymentsFromPartner_Check.HS_SJPayments_Transaction_Amount_Check_TC031(HS_TS010_PaymentsFromPartner_Check.java:114)
	at sun.reflect.NativeMethodAccessorImpl.invoke0(Native Method)
	at sun.reflect.NativeMethodAccessorImpl.invoke(NativeMethodAccessorImpl.java:62)
	at sun.reflect.DelegatingMethodAccessorImpl.invoke(DelegatingMethodAccessorImpl.java:43)
	at java.lang.reflect.Method.invoke(Method.java:498)
	at org.testng.internal.MethodInvocationHelper.invokeMethod(MethodInvocationHelper.java:108)
	at org.testng.internal.Invoker.invokeMethod(Invoker.java:661)
	at org.testng.internal.Invoker.invokeTestMethod(Invoker.java:869)
	at org.testng.internal.Invoker.invokeTestMethods(Invoker.java:1193)
	at org.testng.internal.TestMethodWorker.invokeTestMethods(TestMethodWorker.java:126)
	at org.testng.internal.TestMethodWorker.run(TestMethodWorker.java:109)
	at org.testng.TestRunner.privateRun(TestRunner.java:744)
	at org.testng.TestRunner.run(TestRunner.java:602)
	at org.testng.SuiteRunner.runTest(SuiteRunner.java:380)
	at org.testng.SuiteRunner.runSequentially(SuiteRunner.java:375)
	at org.testng.SuiteRunner.privateRun(SuiteRunner.java:340)
	at org.testng.SuiteRunner.run(SuiteRunner.java:289)
	at org.testng.SuiteRunnerWorker.runSuite(SuiteRunnerWorker.java:52)
	at org.testng.SuiteRunnerWorker.run(SuiteRunnerWorker.java:86)
	at org.testng.TestNG.runSuitesSequentially(TestNG.java:1301)
	at org.testng.TestNG.runSuitesLocally(TestNG.java:1226)
	at org.testng.TestNG.runSuites(TestNG.java:1144)
	at org.testng.TestNG.run(TestNG.java:1115)
	at org.testng.remote.AbstractRemoteTestNG.run(AbstractRemoteTestNG.java:132)
	at org.testng.remote.RemoteTestNG.initAndRun(RemoteTestNG.java:230)
	at org.testng.remote.RemoteTestNG.main(RemoteTestNG.java:76)
]]>
            </full-stacktrace>
          </exception> <!-- java.sql.SQLSyntaxErrorException -->
          <reporter-output>
          </reporter-output>
        </test-method> <!-- HS_SJPayments_Transaction_Amount_Check_TC031 -->
      </class> <!-- exe.HS_TS010_PaymentsFromPartner_Check -->
      <class name="exe.HS_TS003_Record_Type_DataValidation">
        <test-method status="PASS" signature="HS_Record_Type_AS_Debt_Cancel_TC004()[pri:0, instance:exe.HS_TS003_Record_Type_DataValidation@cb644e]" name="HS_Record_Type_AS_Debt_Cancel_TC004" duration-ms="65" started-at="2017-07-17T11:21:14Z" finished-at="2017-07-17T11:21:14Z">
          <reporter-output>
          </reporter-output>
        </test-method> <!-- HS_Record_Type_AS_Debt_Cancel_TC004 -->
        <test-method status="PASS" signature="HS_Record_Type_AS_Debt_Delinquent_Letter_TC005()[pri:0, instance:exe.HS_TS003_Record_Type_DataValidation@cb644e]" name="HS_Record_Type_AS_Debt_Delinquent_Letter_TC005" duration-ms="43" started-at="2017-07-17T11:21:14Z" finished-at="2017-07-17T11:21:14Z">
          <reporter-output>
          </reporter-output>
        </test-method> <!-- HS_Record_Type_AS_Debt_Delinquent_Letter_TC005 -->
        <test-method status="FAIL" signature="HS_Record_Type_AS_HS_DownGrade_TC006()[pri:0, instance:exe.HS_TS003_Record_Type_DataValidation@cb644e]" name="HS_Record_Type_AS_HS_DownGrade_TC006" duration-ms="59" started-at="2017-07-17T11:21:14Z" finished-at="2017-07-17T11:21:14Z">
          <exception class="junit.framework.AssertionFailedError">
            <message>
              <![CDATA[HS_DownGrade counts are Not Equal expected:<14> but was:<13>]]>
            </message>
            <full-stacktrace>
              <![CDATA[junit.framework.AssertionFailedError: HS_DownGrade counts are Not Equal expected:<14> but was:<13>
	at junit.framework.Assert.fail(Assert.java:57)
	at junit.framework.Assert.failNotEquals(Assert.java:329)
	at junit.framework.Assert.assertEquals(Assert.java:78)
	at junit.framework.Assert.assertEquals(Assert.java:234)
	at exe.HS_TS003_Record_Type_DataValidation.HS_Record_Type_AS_HS_DownGrade_TC006(HS_TS003_Record_Type_DataValidation.java:141)
	at sun.reflect.NativeMethodAccessorImpl.invoke0(Native Method)
	at sun.reflect.NativeMethodAccessorImpl.invoke(NativeMethodAccessorImpl.java:62)
	at sun.reflect.DelegatingMethodAccessorImpl.invoke(DelegatingMethodAccessorImpl.java:43)
	at java.lang.reflect.Method.invoke(Method.java:498)
	at org.testng.internal.MethodInvocationHelper.invokeMethod(MethodInvocationHelper.java:108)
	at org.testng.internal.Invoker.invokeMethod(Invoker.java:661)
	at org.testng.internal.Invoker.invokeTestMethod(Invoker.java:869)
	at org.testng.internal.Invoker.invokeTestMethods(Invoker.java:1193)
	at org.testng.internal.TestMethodWorker.invokeTestMethods(TestMethodWorker.java:126)
	at org.testng.internal.TestMethodWorker.run(TestMethodWorker.java:109)
	at org.testng.TestRunner.privateRun(TestRunner.java:744)
	at org.testng.TestRunner.run(TestRunner.java:602)
	at org.testng.SuiteRunner.runTest(SuiteRunner.java:380)
	at org.testng.SuiteRunner.runSequentially(SuiteRunner.java:375)
	at org.testng.SuiteRunner.privateRun(SuiteRunner.java:340)
	at org.testng.SuiteRunner.run(SuiteRunner.java:289)
	at org.testng.SuiteRunnerWorker.runSuite(SuiteRunnerWorker.java:52)
	at org.testng.SuiteRunnerWorker.run(SuiteRunnerWorker.java:86)
	at org.testng.TestNG.runSuitesSequentially(TestNG.java:1301)
	at org.testng.TestNG.runSuitesLocally(TestNG.java:1226)
	at org.testng.TestNG.runSuites(TestNG.java:1144)
	at org.testng.TestNG.run(TestNG.java:1115)
	at org.testng.remote.AbstractRemoteTestNG.run(AbstractRemoteTestNG.java:132)
	at org.testng.remote.RemoteTestNG.initAndRun(RemoteTestNG.java:230)
	at org.testng.remote.RemoteTestNG.main(RemoteTestNG.java:76)
]]>
            </full-stacktrace>
          </exception> <!-- junit.framework.AssertionFailedError -->
          <reporter-output>
          </reporter-output>
        </test-method> <!-- HS_Record_Type_AS_HS_DownGrade_TC006 -->
        <test-method status="PASS" signature="HS_Record_Type_AS_HS_Price_Increase_TC007()[pri:0, instance:exe.HS_TS003_Record_Type_DataValidation@cb644e]" name="HS_Record_Type_AS_HS_Price_Increase_TC007" duration-ms="45" started-at="2017-07-17T11:21:14Z" finished-at="2017-07-17T11:21:14Z">
          <reporter-output>
          </reporter-output>
        </test-method> <!-- HS_Record_Type_AS_HS_Price_Increase_TC007 -->
        <test-method status="PASS" signature="HS_Record_Type_AS_NULL_TC008()[pri:0, instance:exe.HS_TS003_Record_Type_DataValidation@cb644e]" name="HS_Record_Type_AS_NULL_TC008" duration-ms="46" started-at="2017-07-17T11:21:14Z" finished-at="2017-07-17T11:21:14Z">
          <reporter-output>
          </reporter-output>
        </test-method> <!-- HS_Record_Type_AS_NULL_TC008 -->
      </class> <!-- exe.HS_TS003_Record_Type_DataValidation -->
      <class name="exe.HS_TS004_Mandatory_Column_Check">
        <test-method status="FAIL" signature="HS_Mailing_City_Mandatory_Check_TC010()[pri:0, instance:exe.HS_TS004_Mandatory_Column_Check@13805618]" name="HS_Mailing_City_Mandatory_Check_TC010" duration-ms="10" started-at="2017-07-17T11:21:14Z" finished-at="2017-07-17T11:21:14Z">
          <exception class="junit.framework.AssertionFailedError">
            <message>
              <![CDATA[Mailing_City is not Null | Mandatory expected:<0> but was:<2>]]>
            </message>
            <full-stacktrace>
              <![CDATA[junit.framework.AssertionFailedError: Mailing_City is not Null | Mandatory expected:<0> but was:<2>
	at junit.framework.Assert.fail(Assert.java:57)
	at junit.framework.Assert.failNotEquals(Assert.java:329)
	at junit.framework.Assert.assertEquals(Assert.java:78)
	at junit.framework.Assert.assertEquals(Assert.java:234)
	at exe.HS_TS004_Mandatory_Column_Check.HS_Mailing_City_Mandatory_Check_TC010(HS_TS004_Mandatory_Column_Check.java:90)
	at sun.reflect.NativeMethodAccessorImpl.invoke0(Native Method)
	at sun.reflect.NativeMethodAccessorImpl.invoke(NativeMethodAccessorImpl.java:62)
	at sun.reflect.DelegatingMethodAccessorImpl.invoke(DelegatingMethodAccessorImpl.java:43)
	at java.lang.reflect.Method.invoke(Method.java:498)
	at org.testng.internal.MethodInvocationHelper.invokeMethod(MethodInvocationHelper.java:108)
	at org.testng.internal.Invoker.invokeMethod(Invoker.java:661)
	at org.testng.internal.Invoker.invokeTestMethod(Invoker.java:869)
	at org.testng.internal.Invoker.invokeTestMethods(Invoker.java:1193)
	at org.testng.internal.TestMethodWorker.invokeTestMethods(TestMethodWorker.java:126)
	at org.testng.internal.TestMethodWorker.run(TestMethodWorker.java:109)
	at org.testng.TestRunner.privateRun(TestRunner.java:744)
	at org.testng.TestRunner.run(TestRunner.java:602)
	at org.testng.SuiteRunner.runTest(SuiteRunner.java:380)
	at org.testng.SuiteRunner.runSequentially(SuiteRunner.java:375)
	at org.testng.SuiteRunner.privateRun(SuiteRunner.java:340)
	at org.testng.SuiteRunner.run(SuiteRunner.java:289)
	at org.testng.SuiteRunnerWorker.runSuite(SuiteRunnerWorker.java:52)
	at org.testng.SuiteRunnerWorker.run(SuiteRunnerWorker.java:86)
	at org.testng.TestNG.runSuitesSequentially(TestNG.java:1301)
	at org.testng.TestNG.runSuitesLocally(TestNG.java:1226)
	at org.testng.TestNG.runSuites(TestNG.java:1144)
	at org.testng.TestNG.run(TestNG.java:1115)
	at org.testng.remote.AbstractRemoteTestNG.run(AbstractRemoteTestNG.java:132)
	at org.testng.remote.RemoteTestNG.initAndRun(RemoteTestNG.java:230)
	at org.testng.remote.RemoteTestNG.main(RemoteTestNG.java:76)
]]>
            </full-stacktrace>
          </exception> <!-- junit.framework.AssertionFailedError -->
          <reporter-output>
          </reporter-output>
        </test-method> <!-- HS_Mailing_City_Mandatory_Check_TC010 -->
        <test-method status="FAIL" signature="HS_Partner_Account_Number_Mandatory_And_Length_Check_TC011()[pri:0, instance:exe.HS_TS004_Mandatory_Column_Check@13805618]" name="HS_Partner_Account_Number_Mandatory_And_Length_Check_TC011" duration-ms="11" started-at="2017-07-17T11:21:14Z" finished-at="2017-07-17T11:21:14Z">
          <exception class="junit.framework.AssertionFailedError">
            <message>
              <![CDATA[Partner_Account_Number is not Null or Length of Account number is not Correct expected:<0> but was:<21>]]>
            </message>
            <full-stacktrace>
              <![CDATA[junit.framework.AssertionFailedError: Partner_Account_Number is not Null or Length of Account number is not Correct expected:<0> but was:<21>
	at junit.framework.Assert.fail(Assert.java:57)
	at junit.framework.Assert.failNotEquals(Assert.java:329)
	at junit.framework.Assert.assertEquals(Assert.java:78)
	at junit.framework.Assert.assertEquals(Assert.java:234)
	at exe.HS_TS004_Mandatory_Column_Check.HS_Partner_Account_Number_Mandatory_And_Length_Check_TC011(HS_TS004_Mandatory_Column_Check.java:119)
	at sun.reflect.NativeMethodAccessorImpl.invoke0(Native Method)
	at sun.reflect.NativeMethodAccessorImpl.invoke(NativeMethodAccessorImpl.java:62)
	at sun.reflect.DelegatingMethodAccessorImpl.invoke(DelegatingMethodAccessorImpl.java:43)
	at java.lang.reflect.Method.invoke(Method.java:498)
	at org.testng.internal.MethodInvocationHelper.invokeMethod(MethodInvocationHelper.java:108)
	at org.testng.internal.Invoker.invokeMethod(Invoker.java:661)
	at org.testng.internal.Invoker.invokeTestMethod(Invoker.java:869)
	at org.testng.internal.Invoker.invokeTestMethods(Invoker.java:1193)
	at org.testng.internal.TestMethodWorker.invokeTestMethods(TestMethodWorker.java:126)
	at org.testng.internal.TestMethodWorker.run(TestMethodWorker.java:109)
	at org.testng.TestRunner.privateRun(TestRunner.java:744)
	at org.testng.TestRunner.run(TestRunner.java:602)
	at org.testng.SuiteRunner.runTest(SuiteRunner.java:380)
	at org.testng.SuiteRunner.runSequentially(SuiteRunner.java:375)
	at org.testng.SuiteRunner.privateRun(SuiteRunner.java:340)
	at org.testng.SuiteRunner.run(SuiteRunner.java:289)
	at org.testng.SuiteRunnerWorker.runSuite(SuiteRunnerWorker.java:52)
	at org.testng.SuiteRunnerWorker.run(SuiteRunnerWorker.java:86)
	at org.testng.TestNG.runSuitesSequentially(TestNG.java:1301)
	at org.testng.TestNG.runSuitesLocally(TestNG.java:1226)
	at org.testng.TestNG.runSuites(TestNG.java:1144)
	at org.testng.TestNG.run(TestNG.java:1115)
	at org.testng.remote.AbstractRemoteTestNG.run(AbstractRemoteTestNG.java:132)
	at org.testng.remote.RemoteTestNG.initAndRun(RemoteTestNG.java:230)
	at org.testng.remote.RemoteTestNG.main(RemoteTestNG.java:76)
]]>
            </full-stacktrace>
          </exception> <!-- junit.framework.AssertionFailedError -->
          <reporter-output>
          </reporter-output>
        </test-method> <!-- HS_Partner_Account_Number_Mandatory_And_Length_Check_TC011 -->
        <test-method status="FAIL" signature="HS_Premise_City_Mandatory_Check_TC008()[pri:0, instance:exe.HS_TS004_Mandatory_Column_Check@13805618]" name="HS_Premise_City_Mandatory_Check_TC008" duration-ms="9" started-at="2017-07-17T11:21:14Z" finished-at="2017-07-17T11:21:15Z">
          <exception class="junit.framework.AssertionFailedError">
            <message>
              <![CDATA[Premise_City is not Null | Mandatory expected:<0> but was:<2>]]>
            </message>
            <full-stacktrace>
              <![CDATA[junit.framework.AssertionFailedError: Premise_City is not Null | Mandatory expected:<0> but was:<2>
	at junit.framework.Assert.fail(Assert.java:57)
	at junit.framework.Assert.failNotEquals(Assert.java:329)
	at junit.framework.Assert.assertEquals(Assert.java:78)
	at junit.framework.Assert.assertEquals(Assert.java:234)
	at exe.HS_TS004_Mandatory_Column_Check.HS_Premise_City_Mandatory_Check_TC008(HS_TS004_Mandatory_Column_Check.java:32)
	at sun.reflect.NativeMethodAccessorImpl.invoke0(Native Method)
	at sun.reflect.NativeMethodAccessorImpl.invoke(NativeMethodAccessorImpl.java:62)
	at sun.reflect.DelegatingMethodAccessorImpl.invoke(DelegatingMethodAccessorImpl.java:43)
	at java.lang.reflect.Method.invoke(Method.java:498)
	at org.testng.internal.MethodInvocationHelper.invokeMethod(MethodInvocationHelper.java:108)
	at org.testng.internal.Invoker.invokeMethod(Invoker.java:661)
	at org.testng.internal.Invoker.invokeTestMethod(Invoker.java:869)
	at org.testng.internal.Invoker.invokeTestMethods(Invoker.java:1193)
	at org.testng.internal.TestMethodWorker.invokeTestMethods(TestMethodWorker.java:126)
	at org.testng.internal.TestMethodWorker.run(TestMethodWorker.java:109)
	at org.testng.TestRunner.privateRun(TestRunner.java:744)
	at org.testng.TestRunner.run(TestRunner.java:602)
	at org.testng.SuiteRunner.runTest(SuiteRunner.java:380)
	at org.testng.SuiteRunner.runSequentially(SuiteRunner.java:375)
	at org.testng.SuiteRunner.privateRun(SuiteRunner.java:340)
	at org.testng.SuiteRunner.run(SuiteRunner.java:289)
	at org.testng.SuiteRunnerWorker.runSuite(SuiteRunnerWorker.java:52)
	at org.testng.SuiteRunnerWorker.run(SuiteRunnerWorker.java:86)
	at org.testng.TestNG.runSuitesSequentially(TestNG.java:1301)
	at org.testng.TestNG.runSuitesLocally(TestNG.java:1226)
	at org.testng.TestNG.runSuites(TestNG.java:1144)
	at org.testng.TestNG.run(TestNG.java:1115)
	at org.testng.remote.AbstractRemoteTestNG.run(AbstractRemoteTestNG.java:132)
	at org.testng.remote.RemoteTestNG.initAndRun(RemoteTestNG.java:230)
	at org.testng.remote.RemoteTestNG.main(RemoteTestNG.java:76)
]]>
            </full-stacktrace>
          </exception> <!-- junit.framework.AssertionFailedError -->
          <reporter-output>
          </reporter-output>
        </test-method> <!-- HS_Premise_City_Mandatory_Check_TC008 -->
        <test-method status="FAIL" signature="HS_Premise_State_Mandatory_Check_TC009()[pri:0, instance:exe.HS_TS004_Mandatory_Column_Check@13805618]" name="HS_Premise_State_Mandatory_Check_TC009" duration-ms="8" started-at="2017-07-17T11:21:15Z" finished-at="2017-07-17T11:21:15Z">
          <exception class="junit.framework.AssertionFailedError">
            <message>
              <![CDATA[Premise_State is not Null | Mandatory expected:<0> but was:<2>]]>
            </message>
            <full-stacktrace>
              <![CDATA[junit.framework.AssertionFailedError: Premise_State is not Null | Mandatory expected:<0> but was:<2>
	at junit.framework.Assert.fail(Assert.java:57)
	at junit.framework.Assert.failNotEquals(Assert.java:329)
	at junit.framework.Assert.assertEquals(Assert.java:78)
	at junit.framework.Assert.assertEquals(Assert.java:234)
	at exe.HS_TS004_Mandatory_Column_Check.HS_Premise_State_Mandatory_Check_TC009(HS_TS004_Mandatory_Column_Check.java:61)
	at sun.reflect.NativeMethodAccessorImpl.invoke0(Native Method)
	at sun.reflect.NativeMethodAccessorImpl.invoke(NativeMethodAccessorImpl.java:62)
	at sun.reflect.DelegatingMethodAccessorImpl.invoke(DelegatingMethodAccessorImpl.java:43)
	at java.lang.reflect.Method.invoke(Method.java:498)
	at org.testng.internal.MethodInvocationHelper.invokeMethod(MethodInvocationHelper.java:108)
	at org.testng.internal.Invoker.invokeMethod(Invoker.java:661)
	at org.testng.internal.Invoker.invokeTestMethod(Invoker.java:869)
	at org.testng.internal.Invoker.invokeTestMethods(Invoker.java:1193)
	at org.testng.internal.TestMethodWorker.invokeTestMethods(TestMethodWorker.java:126)
	at org.testng.internal.TestMethodWorker.run(TestMethodWorker.java:109)
	at org.testng.TestRunner.privateRun(TestRunner.java:744)
	at org.testng.TestRunner.run(TestRunner.java:602)
	at org.testng.SuiteRunner.runTest(SuiteRunner.java:380)
	at org.testng.SuiteRunner.runSequentially(SuiteRunner.java:375)
	at org.testng.SuiteRunner.privateRun(SuiteRunner.java:340)
	at org.testng.SuiteRunner.run(SuiteRunner.java:289)
	at org.testng.SuiteRunnerWorker.runSuite(SuiteRunnerWorker.java:52)
	at org.testng.SuiteRunnerWorker.run(SuiteRunnerWorker.java:86)
	at org.testng.TestNG.runSuitesSequentially(TestNG.java:1301)
	at org.testng.TestNG.runSuitesLocally(TestNG.java:1226)
	at org.testng.TestNG.runSuites(TestNG.java:1144)
	at org.testng.TestNG.run(TestNG.java:1115)
	at org.testng.remote.AbstractRemoteTestNG.run(AbstractRemoteTestNG.java:132)
	at org.testng.remote.RemoteTestNG.initAndRun(RemoteTestNG.java:230)
	at org.testng.remote.RemoteTestNG.main(RemoteTestNG.java:76)
]]>
            </full-stacktrace>
          </exception> <!-- junit.framework.AssertionFailedError -->
          <reporter-output>
          </reporter-output>
        </test-method> <!-- HS_Premise_State_Mandatory_Check_TC009 -->
      </class> <!-- exe.HS_TS004_Mandatory_Column_Check -->
      <class name="exe.HS_TS008_AEPCustomer_Details_Check">
        <test-method status="FAIL" signature="HS_AEPCustomer_FirstName_Check_TC020()[pri:0, instance:exe.HS_TS008_AEPCustomer_Details_Check@ff5b51f]" name="HS_AEPCustomer_FirstName_Check_TC020" duration-ms="34" started-at="2017-07-17T11:21:15Z" finished-at="2017-07-17T11:21:15Z">
          <exception class="java.sql.SQLSyntaxErrorException">
            <message>
              <![CDATA[Table 'homeserve.aepcustomer' doesn't exist]]>
            </message>
            <full-stacktrace>
              <![CDATA[java.sql.SQLSyntaxErrorException: Table 'homeserve.aepcustomer' doesn't exist
	at com.mysql.cj.jdbc.exceptions.SQLError.createSQLException(SQLError.java:536)
	at com.mysql.cj.jdbc.exceptions.SQLError.createSQLException(SQLError.java:513)
	at com.mysql.cj.jdbc.exceptions.SQLExceptionsMapping.translateException(SQLExceptionsMapping.java:115)
	at com.mysql.cj.jdbc.ConnectionImpl.execSQL(ConnectionImpl.java:1983)
	at com.mysql.cj.jdbc.ConnectionImpl.execSQL(ConnectionImpl.java:1936)
	at com.mysql.cj.jdbc.StatementImpl.executeQuery(StatementImpl.java:1422)
	at exe.HS_TS008_AEPCustomer_Details_Check.HS_AEPCustomer_FirstName_Check_TC020(HS_TS008_AEPCustomer_Details_Check.java:33)
	at sun.reflect.NativeMethodAccessorImpl.invoke0(Native Method)
	at sun.reflect.NativeMethodAccessorImpl.invoke(NativeMethodAccessorImpl.java:62)
	at sun.reflect.DelegatingMethodAccessorImpl.invoke(DelegatingMethodAccessorImpl.java:43)
	at java.lang.reflect.Method.invoke(Method.java:498)
	at org.testng.internal.MethodInvocationHelper.invokeMethod(MethodInvocationHelper.java:108)
	at org.testng.internal.Invoker.invokeMethod(Invoker.java:661)
	at org.testng.internal.Invoker.invokeTestMethod(Invoker.java:869)
	at org.testng.internal.Invoker.invokeTestMethods(Invoker.java:1193)
	at org.testng.internal.TestMethodWorker.invokeTestMethods(TestMethodWorker.java:126)
	at org.testng.internal.TestMethodWorker.run(TestMethodWorker.java:109)
	at org.testng.TestRunner.privateRun(TestRunner.java:744)
	at org.testng.TestRunner.run(TestRunner.java:602)
	at org.testng.SuiteRunner.runTest(SuiteRunner.java:380)
	at org.testng.SuiteRunner.runSequentially(SuiteRunner.java:375)
	at org.testng.SuiteRunner.privateRun(SuiteRunner.java:340)
	at org.testng.SuiteRunner.run(SuiteRunner.java:289)
	at org.testng.SuiteRunnerWorker.runSuite(SuiteRunnerWorker.java:52)
	at org.testng.SuiteRunnerWorker.run(SuiteRunnerWorker.java:86)
	at org.testng.TestNG.runSuitesSequentially(TestNG.java:1301)
	at org.testng.TestNG.runSuitesLocally(TestNG.java:1226)
	at org.testng.TestNG.runSuites(TestNG.java:1144)
	at org.testng.TestNG.run(TestNG.java:1115)
	at org.testng.remote.AbstractRemoteTestNG.run(AbstractRemoteTestNG.java:132)
	at org.testng.remote.RemoteTestNG.initAndRun(RemoteTestNG.java:230)
	at org.testng.remote.RemoteTestNG.main(RemoteTestNG.java:76)
]]>
            </full-stacktrace>
          </exception> <!-- java.sql.SQLSyntaxErrorException -->
          <reporter-output>
          </reporter-output>
        </test-method> <!-- HS_AEPCustomer_FirstName_Check_TC020 -->
        <test-method status="FAIL" signature="HS_AEPCustomer_LastName_Check_TC021()[pri:1, instance:exe.HS_TS008_AEPCustomer_Details_Check@ff5b51f]" name="HS_AEPCustomer_LastName_Check_TC021" duration-ms="7" started-at="2017-07-17T11:21:15Z" finished-at="2017-07-17T11:21:15Z">
          <exception class="java.sql.SQLSyntaxErrorException">
            <message>
              <![CDATA[Table 'homeserve.aepcustomer' doesn't exist]]>
            </message>
            <full-stacktrace>
              <![CDATA[java.sql.SQLSyntaxErrorException: Table 'homeserve.aepcustomer' doesn't exist
	at com.mysql.cj.jdbc.exceptions.SQLError.createSQLException(SQLError.java:536)
	at com.mysql.cj.jdbc.exceptions.SQLError.createSQLException(SQLError.java:513)
	at com.mysql.cj.jdbc.exceptions.SQLExceptionsMapping.translateException(SQLExceptionsMapping.java:115)
	at com.mysql.cj.jdbc.ConnectionImpl.execSQL(ConnectionImpl.java:1983)
	at com.mysql.cj.jdbc.ConnectionImpl.execSQL(ConnectionImpl.java:1936)
	at com.mysql.cj.jdbc.StatementImpl.executeQuery(StatementImpl.java:1422)
	at exe.HS_TS008_AEPCustomer_Details_Check.HS_AEPCustomer_LastName_Check_TC021(HS_TS008_AEPCustomer_Details_Check.java:72)
	at sun.reflect.NativeMethodAccessorImpl.invoke0(Native Method)
	at sun.reflect.NativeMethodAccessorImpl.invoke(NativeMethodAccessorImpl.java:62)
	at sun.reflect.DelegatingMethodAccessorImpl.invoke(DelegatingMethodAccessorImpl.java:43)
	at java.lang.reflect.Method.invoke(Method.java:498)
	at org.testng.internal.MethodInvocationHelper.invokeMethod(MethodInvocationHelper.java:108)
	at org.testng.internal.Invoker.invokeMethod(Invoker.java:661)
	at org.testng.internal.Invoker.invokeTestMethod(Invoker.java:869)
	at org.testng.internal.Invoker.invokeTestMethods(Invoker.java:1193)
	at org.testng.internal.TestMethodWorker.invokeTestMethods(TestMethodWorker.java:126)
	at org.testng.internal.TestMethodWorker.run(TestMethodWorker.java:109)
	at org.testng.TestRunner.privateRun(TestRunner.java:744)
	at org.testng.TestRunner.run(TestRunner.java:602)
	at org.testng.SuiteRunner.runTest(SuiteRunner.java:380)
	at org.testng.SuiteRunner.runSequentially(SuiteRunner.java:375)
	at org.testng.SuiteRunner.privateRun(SuiteRunner.java:340)
	at org.testng.SuiteRunner.run(SuiteRunner.java:289)
	at org.testng.SuiteRunnerWorker.runSuite(SuiteRunnerWorker.java:52)
	at org.testng.SuiteRunnerWorker.run(SuiteRunnerWorker.java:86)
	at org.testng.TestNG.runSuitesSequentially(TestNG.java:1301)
	at org.testng.TestNG.runSuitesLocally(TestNG.java:1226)
	at org.testng.TestNG.runSuites(TestNG.java:1144)
	at org.testng.TestNG.run(TestNG.java:1115)
	at org.testng.remote.AbstractRemoteTestNG.run(AbstractRemoteTestNG.java:132)
	at org.testng.remote.RemoteTestNG.initAndRun(RemoteTestNG.java:230)
	at org.testng.remote.RemoteTestNG.main(RemoteTestNG.java:76)
]]>
            </full-stacktrace>
          </exception> <!-- java.sql.SQLSyntaxErrorException -->
          <reporter-output>
          </reporter-output>
        </test-method> <!-- HS_AEPCustomer_LastName_Check_TC021 -->
        <test-method status="FAIL" signature="HS_AEPCustomer_MailingAddressState_Check_TC022()[pri:2, instance:exe.HS_TS008_AEPCustomer_Details_Check@ff5b51f]" name="HS_AEPCustomer_MailingAddressState_Check_TC022" duration-ms="16" started-at="2017-07-17T11:21:19Z" finished-at="2017-07-17T11:21:19Z">
          <exception class="java.sql.SQLSyntaxErrorException">
            <message>
              <![CDATA[Table 'homeserve.aepcustomer' doesn't exist]]>
            </message>
            <full-stacktrace>
              <![CDATA[java.sql.SQLSyntaxErrorException: Table 'homeserve.aepcustomer' doesn't exist
	at com.mysql.cj.jdbc.exceptions.SQLError.createSQLException(SQLError.java:536)
	at com.mysql.cj.jdbc.exceptions.SQLError.createSQLException(SQLError.java:513)
	at com.mysql.cj.jdbc.exceptions.SQLExceptionsMapping.translateException(SQLExceptionsMapping.java:115)
	at com.mysql.cj.jdbc.ConnectionImpl.execSQL(ConnectionImpl.java:1983)
	at com.mysql.cj.jdbc.ConnectionImpl.execSQL(ConnectionImpl.java:1936)
	at com.mysql.cj.jdbc.StatementImpl.executeQuery(StatementImpl.java:1422)
	at exe.HS_TS008_AEPCustomer_Details_Check.HS_AEPCustomer_MailingAddressState_Check_TC022(HS_TS008_AEPCustomer_Details_Check.java:119)
	at sun.reflect.NativeMethodAccessorImpl.invoke0(Native Method)
	at sun.reflect.NativeMethodAccessorImpl.invoke(NativeMethodAccessorImpl.java:62)
	at sun.reflect.DelegatingMethodAccessorImpl.invoke(DelegatingMethodAccessorImpl.java:43)
	at java.lang.reflect.Method.invoke(Method.java:498)
	at org.testng.internal.MethodInvocationHelper.invokeMethod(MethodInvocationHelper.java:108)
	at org.testng.internal.Invoker.invokeMethod(Invoker.java:661)
	at org.testng.internal.Invoker.invokeTestMethod(Invoker.java:869)
	at org.testng.internal.Invoker.invokeTestMethods(Invoker.java:1193)
	at org.testng.internal.TestMethodWorker.invokeTestMethods(TestMethodWorker.java:126)
	at org.testng.internal.TestMethodWorker.run(TestMethodWorker.java:109)
	at org.testng.TestRunner.privateRun(TestRunner.java:744)
	at org.testng.TestRunner.run(TestRunner.java:602)
	at org.testng.SuiteRunner.runTest(SuiteRunner.java:380)
	at org.testng.SuiteRunner.runSequentially(SuiteRunner.java:375)
	at org.testng.SuiteRunner.privateRun(SuiteRunner.java:340)
	at org.testng.SuiteRunner.run(SuiteRunner.java:289)
	at org.testng.SuiteRunnerWorker.runSuite(SuiteRunnerWorker.java:52)
	at org.testng.SuiteRunnerWorker.run(SuiteRunnerWorker.java:86)
	at org.testng.TestNG.runSuitesSequentially(TestNG.java:1301)
	at org.testng.TestNG.runSuitesLocally(TestNG.java:1226)
	at org.testng.TestNG.runSuites(TestNG.java:1144)
	at org.testng.TestNG.run(TestNG.java:1115)
	at org.testng.remote.AbstractRemoteTestNG.run(AbstractRemoteTestNG.java:132)
	at org.testng.remote.RemoteTestNG.initAndRun(RemoteTestNG.java:230)
	at org.testng.remote.RemoteTestNG.main(RemoteTestNG.java:76)
]]>
            </full-stacktrace>
          </exception> <!-- java.sql.SQLSyntaxErrorException -->
          <reporter-output>
          </reporter-output>
        </test-method> <!-- HS_AEPCustomer_MailingAddressState_Check_TC022 -->
        <test-method status="FAIL" signature="HS_AEPCustomer_PremisesAddressZipPlus4_Check_TC023()[pri:3, instance:exe.HS_TS008_AEPCustomer_Details_Check@ff5b51f]" name="HS_AEPCustomer_PremisesAddressZipPlus4_Check_TC023" duration-ms="48" started-at="2017-07-17T11:21:19Z" finished-at="2017-07-17T11:21:19Z">
          <exception class="java.sql.SQLSyntaxErrorException">
            <message>
              <![CDATA[Table 'homeserve.aepcustomer' doesn't exist]]>
            </message>
            <full-stacktrace>
              <![CDATA[java.sql.SQLSyntaxErrorException: Table 'homeserve.aepcustomer' doesn't exist
	at com.mysql.cj.jdbc.exceptions.SQLError.createSQLException(SQLError.java:536)
	at com.mysql.cj.jdbc.exceptions.SQLError.createSQLException(SQLError.java:513)
	at com.mysql.cj.jdbc.exceptions.SQLExceptionsMapping.translateException(SQLExceptionsMapping.java:115)
	at com.mysql.cj.jdbc.ConnectionImpl.execSQL(ConnectionImpl.java:1983)
	at com.mysql.cj.jdbc.ConnectionImpl.execSQL(ConnectionImpl.java:1936)
	at com.mysql.cj.jdbc.StatementImpl.executeQuery(StatementImpl.java:1422)
	at exe.HS_TS008_AEPCustomer_Details_Check.HS_AEPCustomer_PremisesAddressZipPlus4_Check_TC023(HS_TS008_AEPCustomer_Details_Check.java:218)
	at sun.reflect.NativeMethodAccessorImpl.invoke0(Native Method)
	at sun.reflect.NativeMethodAccessorImpl.invoke(NativeMethodAccessorImpl.java:62)
	at sun.reflect.DelegatingMethodAccessorImpl.invoke(DelegatingMethodAccessorImpl.java:43)
	at java.lang.reflect.Method.invoke(Method.java:498)
	at org.testng.internal.MethodInvocationHelper.invokeMethod(MethodInvocationHelper.java:108)
	at org.testng.internal.Invoker.invokeMethod(Invoker.java:661)
	at org.testng.internal.Invoker.invokeTestMethod(Invoker.java:869)
	at org.testng.internal.Invoker.invokeTestMethods(Invoker.java:1193)
	at org.testng.internal.TestMethodWorker.invokeTestMethods(TestMethodWorker.java:126)
	at org.testng.internal.TestMethodWorker.run(TestMethodWorker.java:109)
	at org.testng.TestRunner.privateRun(TestRunner.java:744)
	at org.testng.TestRunner.run(TestRunner.java:602)
	at org.testng.SuiteRunner.runTest(SuiteRunner.java:380)
	at org.testng.SuiteRunner.runSequentially(SuiteRunner.java:375)
	at org.testng.SuiteRunner.privateRun(SuiteRunner.java:340)
	at org.testng.SuiteRunner.run(SuiteRunner.java:289)
	at org.testng.SuiteRunnerWorker.runSuite(SuiteRunnerWorker.java:52)
	at org.testng.SuiteRunnerWorker.run(SuiteRunnerWorker.java:86)
	at org.testng.TestNG.runSuitesSequentially(TestNG.java:1301)
	at org.testng.TestNG.runSuitesLocally(TestNG.java:1226)
	at org.testng.TestNG.runSuites(TestNG.java:1144)
	at org.testng.TestNG.run(TestNG.java:1115)
	at org.testng.remote.AbstractRemoteTestNG.run(AbstractRemoteTestNG.java:132)
	at org.testng.remote.RemoteTestNG.initAndRun(RemoteTestNG.java:230)
	at org.testng.remote.RemoteTestNG.main(RemoteTestNG.java:76)
]]>
            </full-stacktrace>
          </exception> <!-- java.sql.SQLSyntaxErrorException -->
          <reporter-output>
          </reporter-output>
        </test-method> <!-- HS_AEPCustomer_PremisesAddressZipPlus4_Check_TC023 -->
        <test-method status="FAIL" signature="HS_AEPCustomer_UniqueID_Check_TC024()[pri:4, instance:exe.HS_TS008_AEPCustomer_Details_Check@ff5b51f]" name="HS_AEPCustomer_UniqueID_Check_TC024" duration-ms="11" started-at="2017-07-17T11:21:19Z" finished-at="2017-07-17T11:21:19Z">
          <exception class="java.sql.SQLSyntaxErrorException">
            <message>
              <![CDATA[Table 'homeserve.aepcustomer' doesn't exist]]>
            </message>
            <full-stacktrace>
              <![CDATA[java.sql.SQLSyntaxErrorException: Table 'homeserve.aepcustomer' doesn't exist
	at com.mysql.cj.jdbc.exceptions.SQLError.createSQLException(SQLError.java:536)
	at com.mysql.cj.jdbc.exceptions.SQLError.createSQLException(SQLError.java:513)
	at com.mysql.cj.jdbc.exceptions.SQLExceptionsMapping.translateException(SQLExceptionsMapping.java:115)
	at com.mysql.cj.jdbc.ConnectionImpl.execSQL(ConnectionImpl.java:1983)
	at com.mysql.cj.jdbc.ConnectionImpl.execSQL(ConnectionImpl.java:1936)
	at com.mysql.cj.jdbc.StatementImpl.executeQuery(StatementImpl.java:1422)
	at exe.HS_TS008_AEPCustomer_Details_Check.HS_AEPCustomer_UniqueID_Check_TC024(HS_TS008_AEPCustomer_Details_Check.java:264)
	at sun.reflect.NativeMethodAccessorImpl.invoke0(Native Method)
	at sun.reflect.NativeMethodAccessorImpl.invoke(NativeMethodAccessorImpl.java:62)
	at sun.reflect.DelegatingMethodAccessorImpl.invoke(DelegatingMethodAccessorImpl.java:43)
	at java.lang.reflect.Method.invoke(Method.java:498)
	at org.testng.internal.MethodInvocationHelper.invokeMethod(MethodInvocationHelper.java:108)
	at org.testng.internal.Invoker.invokeMethod(Invoker.java:661)
	at org.testng.internal.Invoker.invokeTestMethod(Invoker.java:869)
	at org.testng.internal.Invoker.invokeTestMethods(Invoker.java:1193)
	at org.testng.internal.TestMethodWorker.invokeTestMethods(TestMethodWorker.java:126)
	at org.testng.internal.TestMethodWorker.run(TestMethodWorker.java:109)
	at org.testng.TestRunner.privateRun(TestRunner.java:744)
	at org.testng.TestRunner.run(TestRunner.java:602)
	at org.testng.SuiteRunner.runTest(SuiteRunner.java:380)
	at org.testng.SuiteRunner.runSequentially(SuiteRunner.java:375)
	at org.testng.SuiteRunner.privateRun(SuiteRunner.java:340)
	at org.testng.SuiteRunner.run(SuiteRunner.java:289)
	at org.testng.SuiteRunnerWorker.runSuite(SuiteRunnerWorker.java:52)
	at org.testng.SuiteRunnerWorker.run(SuiteRunnerWorker.java:86)
	at org.testng.TestNG.runSuitesSequentially(TestNG.java:1301)
	at org.testng.TestNG.runSuitesLocally(TestNG.java:1226)
	at org.testng.TestNG.runSuites(TestNG.java:1144)
	at org.testng.TestNG.run(TestNG.java:1115)
	at org.testng.remote.AbstractRemoteTestNG.run(AbstractRemoteTestNG.java:132)
	at org.testng.remote.RemoteTestNG.initAndRun(RemoteTestNG.java:230)
	at org.testng.remote.RemoteTestNG.main(RemoteTestNG.java:76)
]]>
            </full-stacktrace>
          </exception> <!-- java.sql.SQLSyntaxErrorException -->
          <reporter-output>
          </reporter-output>
        </test-method> <!-- HS_AEPCustomer_UniqueID_Check_TC024 -->
      </class> <!-- exe.HS_TS008_AEPCustomer_Details_Check -->
      <class name="exe.HS_TS002_RecCount">
        <test-method status="FAIL" signature="HS_FileLevelRecCount_TC003()[pri:0, instance:exe.HS_TS002_RecCount@5cb9f472]" name="HS_FileLevelRecCount_TC003" duration-ms="85" started-at="2017-07-17T11:21:14Z" finished-at="2017-07-17T11:21:14Z">
          <exception class="junit.framework.AssertionFailedError">
            <message>
              <![CDATA[Row count Check Fail expected:<115> but was:<111>]]>
            </message>
            <full-stacktrace>
              <![CDATA[junit.framework.AssertionFailedError: Row count Check Fail expected:<115> but was:<111>
	at junit.framework.Assert.fail(Assert.java:57)
	at junit.framework.Assert.failNotEquals(Assert.java:329)
	at junit.framework.Assert.assertEquals(Assert.java:78)
	at junit.framework.Assert.assertEquals(Assert.java:234)
	at exe.HS_TS002_RecCount.HS_FileLevelRecCount_TC003(HS_TS002_RecCount.java:68)
	at sun.reflect.NativeMethodAccessorImpl.invoke0(Native Method)
	at sun.reflect.NativeMethodAccessorImpl.invoke(NativeMethodAccessorImpl.java:62)
	at sun.reflect.DelegatingMethodAccessorImpl.invoke(DelegatingMethodAccessorImpl.java:43)
	at java.lang.reflect.Method.invoke(Method.java:498)
	at org.testng.internal.MethodInvocationHelper.invokeMethod(MethodInvocationHelper.java:108)
	at org.testng.internal.Invoker.invokeMethod(Invoker.java:661)
	at org.testng.internal.Invoker.invokeTestMethod(Invoker.java:869)
	at org.testng.internal.Invoker.invokeTestMethods(Invoker.java:1193)
	at org.testng.internal.TestMethodWorker.invokeTestMethods(TestMethodWorker.java:126)
	at org.testng.internal.TestMethodWorker.run(TestMethodWorker.java:109)
	at org.testng.TestRunner.privateRun(TestRunner.java:744)
	at org.testng.TestRunner.run(TestRunner.java:602)
	at org.testng.SuiteRunner.runTest(SuiteRunner.java:380)
	at org.testng.SuiteRunner.runSequentially(SuiteRunner.java:375)
	at org.testng.SuiteRunner.privateRun(SuiteRunner.java:340)
	at org.testng.SuiteRunner.run(SuiteRunner.java:289)
	at org.testng.SuiteRunnerWorker.runSuite(SuiteRunnerWorker.java:52)
	at org.testng.SuiteRunnerWorker.run(SuiteRunnerWorker.java:86)
	at org.testng.TestNG.runSuitesSequentially(TestNG.java:1301)
	at org.testng.TestNG.runSuitesLocally(TestNG.java:1226)
	at org.testng.TestNG.runSuites(TestNG.java:1144)
	at org.testng.TestNG.run(TestNG.java:1115)
	at org.testng.remote.AbstractRemoteTestNG.run(AbstractRemoteTestNG.java:132)
	at org.testng.remote.RemoteTestNG.initAndRun(RemoteTestNG.java:230)
	at org.testng.remote.RemoteTestNG.main(RemoteTestNG.java:76)
]]>
            </full-stacktrace>
          </exception> <!-- junit.framework.AssertionFailedError -->
          <reporter-output>
          </reporter-output>
        </test-method> <!-- HS_FileLevelRecCount_TC003 -->
      </class> <!-- exe.HS_TS002_RecCount -->
      <class name="exe.HS_TS006_Phone_Number_Check">
        <test-method status="PASS" signature="HS_Premise_Home_Phone_Check_TC013()[pri:0, instance:exe.HS_TS006_Phone_Number_Check@4566e5bd]" name="HS_Premise_Home_Phone_Check_TC013" duration-ms="7" started-at="2017-07-17T11:21:15Z" finished-at="2017-07-17T11:21:15Z">
          <reporter-output>
          </reporter-output>
        </test-method> <!-- HS_Premise_Home_Phone_Check_TC013 -->
        <test-method status="FAIL" signature="HS_Premise_Home_Phone_Check_TC014()[pri:0, instance:exe.HS_TS006_Phone_Number_Check@4566e5bd]" name="HS_Premise_Home_Phone_Check_TC014" duration-ms="6" started-at="2017-07-17T11:21:15Z" finished-at="2017-07-17T11:21:15Z">
          <exception class="junit.framework.AssertionFailedError">
            <message>
              <![CDATA[Premise_Home_Phone_Number length not less than 10 Digits expected:<0> but was:<2>]]>
            </message>
            <full-stacktrace>
              <![CDATA[junit.framework.AssertionFailedError: Premise_Home_Phone_Number length not less than 10 Digits expected:<0> but was:<2>
	at junit.framework.Assert.fail(Assert.java:57)
	at junit.framework.Assert.failNotEquals(Assert.java:329)
	at junit.framework.Assert.assertEquals(Assert.java:78)
	at junit.framework.Assert.assertEquals(Assert.java:234)
[...]
	at junit.framework.Assert.failNotEquals(Assert.java:329)
	at junit.framework.Assert.assertEquals(Assert.java:78)
	at junit.framework.Assert.assertEquals(Assert.java:234)
	at exe.HS_TS006_Phone_Number_Check.HS_Premise_Work_Phone_Check_TC015(HS_TS006_Phone_Number_Check.java:90)
	at sun.reflect.NativeMethodAccessorImpl.invoke0(Native Method)
	at sun.reflect.NativeMethodAccessorImpl.invoke(NativeMethodAccessorImpl.java:62)
	at sun.reflect.DelegatingMethodAccessorImpl.invoke(DelegatingMethodAccessorImpl.java:43)
	at java.lang.reflect.Method.invoke(Method.java:498)
	at org.testng.internal.MethodInvocationHelper.invokeMethod(MethodInvocationHelper.java:108)
	at org.testng.internal.Invoker.invokeMethod(Invoker.java:661)
	at org.testng.internal.Invoker.invokeTestMethod(Invoker.java:869)
	at org.testng.internal.Invoker.invokeTestMethods(Invoker.java:1193)
	at org.testng.internal.TestMethodWorker.invokeTestMethods(TestMethodWorker.java:126)
	at org.testng.internal.TestMethodWorker.run(TestMethodWorker.java:109)
	at org.testng.TestRunner.privateRun(TestRunner.java:744)
	at org.testng.TestRunner.run(TestRunner.java:602)
	at org.testng.SuiteRunner.runTest(SuiteRunner.java:380)
	at org.testng.SuiteRunner.runSequentially(SuiteRunner.java:375)
	at org.testng.SuiteRunner.privateRun(SuiteRunner.java:340)
	at org.testng.SuiteRunner.run(SuiteRunner.java:289)
	at org.testng.SuiteRunnerWorker.runSuite(SuiteRunnerWorker.java:52)
	at org.testng.SuiteRunnerWorker.run(SuiteRunnerWorker.java:86)
	at org.testng.TestNG.runSuitesSequentially(TestNG.java:1301)
	at org.testng.TestNG.runSuitesLocally(TestNG.java:1226)
	at org.testng.TestNG.runSuites(TestNG.java:1144)
	at org.testng.TestNG.run(TestNG.java:1115)
	at org.testng.remote.AbstractRemoteTestNG.run(AbstractRemoteTestNG.java:132)
	at org.testng.remote.RemoteTestNG.initAndRun(RemoteTestNG.java:230)
	at org.testng.remote.RemoteTestNG.main(RemoteTestNG.java:76)
]]>
            </full-stacktrace>
          </exception> <!-- junit.framework.AssertionFailedError -->
          <reporter-output>
          </reporter-output>
        </test-method> <!-- HS_Premise_Work_Phone_Check_TC015 -->
        <test-method status="FAIL" signature="HS_Premise_Work_Phone_Check_TC016()[pri:0, instance:exe.HS_TS006_Phone_Number_Check@4566e5bd]" name="HS_Premise_Work_Phone_Check_TC016" duration-ms="6" started-at="2017-07-17T11:21:15Z" finished-at="2017-07-17T11:21:15Z">
          <exception class="junit.framework.AssertionFailedError">
            <message>
              <![CDATA[Premise_Work_Phone_Number length not less than 10 Digits expected:<0> but was:<1>]]>
            </message>
            <full-stacktrace>
              <![CDATA[junit.framework.AssertionFailedError: Premise_Work_Phone_Number length not less than 10 Digits expected:<0> but was:<1>
	at junit.framework.Assert.fail(Assert.java:57)
	at junit.framework.Assert.failNotEquals(Assert.java:329)
	at junit.framework.Assert.assertEquals(Assert.java:78)
	at junit.framework.Assert.assertEquals(Assert.java:234)
	at exe.HS_TS006_Phone_Number_Check.HS_Premise_Work_Phone_Check_TC016(HS_TS006_Phone_Number_Check.java:119)
	at sun.reflect.NativeMethodAccessorImpl.invoke0(Native Method)
	at sun.reflect.NativeMethodAccessorImpl.invoke(NativeMethodAccessorImpl.java:62)
	at sun.reflect.DelegatingMethodAccessorImpl.invoke(DelegatingMethodAccessorImpl.java:43)
	at java.lang.reflect.Method.invoke(Method.java:498)
	at org.testng.internal.MethodInvocationHelper.invokeMethod(MethodInvocationHelper.java:108)
	at org.testng.internal.Invoker.invokeMethod(Invoker.java:661)
	at org.testng.internal.Invoker.invokeTestMethod(Invoker.java:869)
	at org.testng.internal.Invoker.invokeTestMethods(Invoker.java:1193)
	at org.testng.internal.TestMethodWorker.invokeTestMethods(TestMethodWorker.java:126)
	at org.testng.internal.TestMethodWorker.run(TestMethodWorker.java:109)
	at org.testng.TestRunner.privateRun(TestRunner.java:744)
	at org.testng.TestRunner.run(TestRunner.java:602)
	at org.testng.SuiteRunner.runTest(SuiteRunner.java:380)
	at org.testng.SuiteRunner.runSequentially(SuiteRunner.java:375)
	at org.testng.SuiteRunner.privateRun(SuiteRunner.java:340)
	at org.testng.SuiteRunner.run(SuiteRunner.java:289)
	at org.testng.SuiteRunnerWorker.runSuite(SuiteRunnerWorker.java:52)
	at org.testng.SuiteRunnerWorker.run(SuiteRunnerWorker.java:86)
	at org.testng.TestNG.runSuitesSequentially(TestNG.java:1301)
	at org.testng.TestNG.runSuitesLocally(TestNG.java:1226)
	at org.testng.TestNG.runSuites(TestNG.java:1144)
	at org.testng.TestNG.run(TestNG.java:1115)
	at org.testng.remote.AbstractRemoteTestNG.run(AbstractRemoteTestNG.java:132)
	at org.testng.remote.RemoteTestNG.initAndRun(RemoteTestNG.java:230)
	at org.testng.remote.RemoteTestNG.main(RemoteTestNG.java:76)
]]>
            </full-stacktrace>
          </exception> <!-- junit.framework.AssertionFailedError -->
          <reporter-output>
          </reporter-output>
        </test-method> <!-- HS_Premise_Work_Phone_Check_TC016 -->
        <test-method status="PASS" signature="HS_Premise_Work_Phone_Check_TC017()[pri:0, instance:exe.HS_TS006_Phone_Number_Check@4566e5bd]" name="HS_Premise_Work_Phone_Check_TC017" duration-ms="5" started-at="2017-07-17T11:21:15Z" finished-at="2017-07-17T11:21:15Z">
          <reporter-output>
          </reporter-output>
        </test-method> <!-- HS_Premise_Work_Phone_Check_TC017 -->
      </class> <!-- exe.HS_TS006_Phone_Number_Check -->
      <class name="exe.HS_TS009_AEPAudit_Details_Check">
        <test-method status="FAIL" signature="HS_AEPAudit_Date_Check_TC025()[pri:0, instance:exe.HS_TS009_AEPAudit_Details_Check@25bbe1b6]" name="HS_AEPAudit_Date_Check_TC025" duration-ms="9" started-at="2017-07-17T11:21:15Z" finished-at="2017-07-17T11:21:15Z">
          <exception class="java.sql.SQLSyntaxErrorException">
            <message>
              <![CDATA[Table 'homeserve.aepaudit' doesn't exist]]>
            </message>
            <full-stacktrace>
              <![CDATA[java.sql.SQLSyntaxErrorException: Table 'homeserve.aepaudit' doesn't exist
	at com.mysql.cj.jdbc.exceptions.SQLError.createSQLException(SQLError.java:536)
	at com.mysql.cj.jdbc.exceptions.SQLError.createSQLException(SQLError.java:513)
	at com.mysql.cj.jdbc.exceptions.SQLExceptionsMapping.translateException(SQLExceptionsMapping.java:115)
	at com.mysql.cj.jdbc.ConnectionImpl.execSQL(ConnectionImpl.java:1983)
	at com.mysql.cj.jdbc.ConnectionImpl.execSQL(ConnectionImpl.java:1936)
	at com.mysql.cj.jdbc.StatementImpl.executeQuery(StatementImpl.java:1422)
	at exe.HS_TS009_AEPAudit_Details_Check.HS_AEPAudit_Date_Check_TC025(HS_TS009_AEPAudit_Details_Check.java:35)
	at sun.reflect.NativeMethodAccessorImpl.invoke0(Native Method)
	at sun.reflect.NativeMethodAccessorImpl.invoke(NativeMethodAccessorImpl.java:62)
	at sun.reflect.DelegatingMethodAccessorImpl.invoke(DelegatingMethodAccessorImpl.java:43)
	at java.lang.reflect.Method.invoke(Method.java:498)
	at org.testng.internal.MethodInvocationHelper.invokeMethod(MethodInvocationHelper.java:108)
	at org.testng.internal.Invoker.invokeMethod(Invoker.java:661)
	at org.testng.internal.Invoker.invokeTestMethod(Invoker.java:869)
	at org.testng.internal.Invoker.invokeTestMethods(Invoker.java:1193)
	at org.testng.internal.TestMethodWorker.invokeTestMethods(TestMethodWorker.java:126)
	at org.testng.internal.TestMethodWorker.run(TestMethodWorker.java:109)
	at org.testng.TestRunner.privateRun(TestRunner.java:744)
	at org.testng.TestRunner.run(TestRunner.java:602)
	at org.testng.SuiteRunner.runTest(SuiteRunner.java:380)
	at org.testng.SuiteRunner.runSequentially(SuiteRunner.java:375)
	at org.testng.SuiteRunner.privateRun(SuiteRunner.java:340)
	at org.testng.SuiteRunner.run(SuiteRunner.java:289)
	at org.testng.SuiteRunnerWorker.runSuite(SuiteRunnerWorker.java:52)
	at org.testng.SuiteRunnerWorker.run(SuiteRunnerWorker.java:86)
	at org.testng.TestNG.runSuitesSequentially(TestNG.java:1301)
	at org.testng.TestNG.runSuitesLocally(TestNG.java:1226)
	at org.testng.TestNG.runSuites(TestNG.java:1144)
	at org.testng.TestNG.run(TestNG.java:1115)
	at org.testng.remote.AbstractRemoteTestNG.run(AbstractRemoteTestNG.java:132)
	at org.testng.remote.RemoteTestNG.initAndRun(RemoteTestNG.java:230)
	at org.testng.remote.RemoteTestNG.main(RemoteTestNG.java:76)
]]>
            </full-stacktrace>
          </exception> <!-- java.sql.SQLSyntaxErrorException -->
          <reporter-output>
          </reporter-output>
        </test-method> <!-- HS_AEPAudit_Date_Check_TC025 -->
        <test-method status="FAIL" signature="HS_AEPAudit_ProductCodes_Null_Check_TC026()[pri:1, instance:exe.HS_TS009_AEPAudit_Details_Check@25bbe1b6]" name="HS_AEPAudit_ProductCodes_Null_Check_TC026" duration-ms="4089" started-at="2017-07-17T11:21:15Z" finished-at="2017-07-17T11:21:19Z">
          <exception class="com.mysql.cj.jdbc.exceptions.CommunicationsException">
            <message>
              <![CDATA[Communications link failure

The last packet sent successfully to the server was 0 milliseconds ago. The driver has not received any packets from the server.]]>
            </message>
            <full-stacktrace>
              <![CDATA[com.mysql.cj.jdbc.exceptions.CommunicationsException: Communications link failure

The last packet sent successfully to the server was 0 milliseconds ago. The driver has not received any packets from the server.
	at com.mysql.cj.jdbc.exceptions.SQLError.createCommunicationsException(SQLError.java:590)
	at com.mysql.cj.jdbc.exceptions.SQLExceptionsMapping.translateException(SQLExceptionsMapping.java:57)
	at com.mysql.cj.jdbc.ConnectionImpl.createNewIO(ConnectionImpl.java:1606)
	at com.mysql.cj.jdbc.ConnectionImpl.<init>(ConnectionImpl.java:633)
	at com.mysql.cj.jdbc.ConnectionImpl.getInstance(ConnectionImpl.java:347)
	at com.mysql.cj.jdbc.NonRegisteringDriver.connect(NonRegisteringDriver.java:219)
	at java.sql.DriverManager.getConnection(DriverManager.java:664)
	at java.sql.DriverManager.getConnection(DriverManager.java:247)
	at exe.HS_TS009_AEPAudit_Details_Check.HS_AEPAudit_ProductCodes_Null_Check_TC026(HS_TS009_AEPAudit_Details_Check.java:60)
	at sun.reflect.NativeMethodAccessorImpl.invoke0(Native Method)
	at sun.reflect.NativeMethodAccessorImpl.invoke(NativeMethodAccessorImpl.java:62)
	at sun.reflect.DelegatingMethodAccessorImpl.invoke(DelegatingMethodAccessorImpl.java:43)
	at java.lang.reflect.Method.invoke(Method.java:498)
	at org.testng.internal.MethodInvocationHelper.invokeMethod(MethodInvocationHelper.java:108)
	at org.testng.internal.Invoker.invokeMethod(Invoker.java:661)
	at org.testng.internal.Invoker.invokeTestMethod(Invoker.java:869)
	at org.testng.internal.Invoker.invokeTestMethods(Invoker.java:1193)
	at org.testng.internal.TestMethodWorker.invokeTestMethods(TestMethodWorker.java:126)
	at org.testng.internal.TestMethodWorker.run(TestMethodWorker.java:109)
	at org.testng.TestRunner.privateRun(TestRunner.java:744)
	at org.testng.TestRunner.run(TestRunner.java:602)
	at org.testng.SuiteRunner.runTest(SuiteRunner.java:380)
	at org.testng.SuiteRunner.runSequentially(SuiteRunner.java:375)
	at org.testng.SuiteRunner.privateRun(SuiteRunner.java:340)
	at org.testng.SuiteRunner.run(SuiteRunner.java:289)
	at org.testng.SuiteRunnerWorker.runSuite(SuiteRunnerWorker.java:52)
	at org.testng.SuiteRunnerWorker.run(SuiteRunnerWorker.java:86)
	at org.testng.TestNG.runSuitesSequentially(TestNG.java:1301)
	at org.testng.TestNG.runSuitesLocally(TestNG.java:1226)
	at org.testng.TestNG.runSuites(TestNG.java:1144)
	at org.testng.TestNG.run(TestNG.java:1115)
	at org.testng.remote.AbstractRemoteTestNG.run(AbstractRemoteTestNG.java:132)
	at org.testng.remote.RemoteTestNG.initAndRun(RemoteTestNG.java:230)
	at org.testng.remote.RemoteTestNG.main(RemoteTestNG.java:76)
Caused by: com.mysql.cj.core.exceptions.CJCommunicationsException: Communications link failure

The last packet sent successfully to the server was 0 milliseconds ago. The driver has not received any packets from the server.
	at sun.reflect.NativeConstructorAccessorImpl.newInstance0(Native Method)
	at sun.reflect.NativeConstructorAccessorImpl.newInstance(NativeConstructorAccessorImpl.java:62)
	at sun.reflect.DelegatingConstructorAccessorImpl.newInstance(DelegatingConstructorAccessorImpl.java:45)
	at java.lang.reflect.Constructor.newInstance(Constructor.java:423)
	at com.mysql.cj.core.exceptions.ExceptionFactory.createException(ExceptionFactory.java:54)
	at com.mysql.cj.core.exceptions.ExceptionFactory.createException(ExceptionFactory.java:93)
	at com.mysql.cj.core.exceptions.ExceptionFactory.createException(ExceptionFactory.java:133)
	at com.mysql.cj.core.exceptions.ExceptionFactory.createCommunicationsException(ExceptionFactory.java:149)
	at com.mysql.cj.mysqla.io.MysqlaSocketConnection.connect(MysqlaSocketConnection.java:83)
	at com.mysql.cj.mysqla.MysqlaSession.connect(MysqlaSession.java:122)
	at com.mysql.cj.jdbc.ConnectionImpl.connectOneTryOnly(ConnectionImpl.java:1726)
	at com.mysql.cj.jdbc.ConnectionImpl.createNewIO(ConnectionImpl.java:1596)
	... 31 more
Caused by: java.net.ConnectException: Connection refused: connect
	at java.net.DualStackPlainSocketImpl.connect0(Native Method)
	at java.net.DualStackPlainSocketImpl.socketConnect(DualStackPlainSocketImpl.java:79)
	at java.net.AbstractPlainSocketImpl.doConnect(AbstractPlainSocketImpl.java:350)
	at java.net.AbstractPlainSocketImpl.connectToAddress(AbstractPlainSocketImpl.java:206)
	at java.net.AbstractPlainSocketImpl.connect(AbstractPlainSocketImpl.java:188)
	at java.net.PlainSocketImpl.connect(PlainSocketImpl.java:172)
	at java.net.SocksSocketImpl.connect(SocksSocketImpl.java:392)
	at java.net.Socket.connect(Socket.java:589)
	at com.mysql.cj.core.io.StandardSocketFactory.connect(StandardSocketFactory.java:202)
	at com.mysql.cj.mysqla.io.MysqlaSocketConnection.connect(MysqlaSocketConnection.java:57)
	... 34 more
]]>
            </full-stacktrace>
          </exception> <!-- com.mysql.cj.jdbc.exceptions.CommunicationsException -->
          <reporter-output>
          </reporter-output>
        </test-method> <!-- HS_AEPAudit_ProductCodes_Null_Check_TC026 -->
      </class> <!-- exe.HS_TS009_AEPAudit_Details_Check -->
      <class name="exe.HS_TS005_Contract_SchedRef_Check">
        <test-method status="FAIL" signature="HS_Contract_SchedRef_TC012()[pri:0, instance:exe.HS_TS005_Contract_SchedRef_Check@56ef9176]" name="HS_Contract_SchedRef_TC012" duration-ms="8" started-at="2017-07-17T11:21:15Z" finished-at="2017-07-17T11:21:15Z">
          <exception class="junit.framework.AssertionFailedError">
            <message>
              <![CDATA[HS_Contract_SchedRef can not be Zero expected:<0> but was:<14>]]>
            </message>
            <full-stacktrace>
              <![CDATA[junit.framework.AssertionFailedError: HS_Contract_SchedRef can not be Zero expected:<0> but was:<14>
	at junit.framework.Assert.fail(Assert.java:57)
	at junit.framework.Assert.failNotEquals(Assert.java:329)
	at junit.framework.Assert.assertEquals(Assert.java:78)
	at junit.framework.Assert.assertEquals(Assert.java:234)
	at exe.HS_TS005_Contract_SchedRef_Check.HS_Contract_SchedRef_TC012(HS_TS005_Contract_SchedRef_Check.java:32)
	at sun.reflect.NativeMethodAccessorImpl.invoke0(Native Method)
	at sun.reflect.NativeMethodAccessorImpl.invoke(NativeMethodAccessorImpl.java:62)
	at sun.reflect.DelegatingMethodAccessorImpl.invoke(DelegatingMethodAccessorImpl.java:43)
	at java.lang.reflect.Method.invoke(Method.java:498)
	at org.testng.internal.MethodInvocationHelper.invokeMethod(MethodInvocationHelper.java:108)
	at org.testng.internal.Invoker.invokeMethod(Invoker.java:661)
	at org.testng.internal.Invoker.invokeTestMethod(Invoker.java:869)
	at org.testng.internal.Invoker.invokeTestMethods(Invoker.java:1193)
	at org.testng.internal.TestMethodWorker.invokeTestMethods(TestMethodWorker.java:126)
	at org.testng.internal.TestMethodWorker.run(TestMethodWorker.java:109)
	at org.testng.TestRunner.privateRun(TestRunner.java:744)
	at org.testng.TestRunner.run(TestRunner.java:602)
	at org.testng.SuiteRunner.runTest(SuiteRunner.java:380)
	at org.testng.SuiteRunner.runSequentially(SuiteRunner.java:375)
	at org.testng.SuiteRunner.privateRun(SuiteRunner.java:340)
	at org.testng.SuiteRunner.run(SuiteRunner.java:289)
	at org.testng.SuiteRunnerWorker.runSuite(SuiteRunnerWorker.java:52)
	at org.testng.SuiteRunnerWorker.run(SuiteRunnerWorker.java:86)
	at org.testng.TestNG.runSuitesSequentially(TestNG.java:1301)
	at org.testng.TestNG.runSuitesLocally(TestNG.java:1226)
	at org.testng.TestNG.runSuites(TestNG.java:1144)
	at org.testng.TestNG.run(TestNG.java:1115)
	at org.testng.remote.AbstractRemoteTestNG.run(AbstractRemoteTestNG.java:132)
	at org.testng.remote.RemoteTestNG.initAndRun(RemoteTestNG.java:230)
	at org.testng.remote.RemoteTestNG.main(RemoteTestNG.java:76)
]]>
            </full-stacktrace>
          </exception> <!-- junit.framework.AssertionFailedError -->
          <reporter-output>
          </reporter-output>
        </test-method> <!-- HS_Contract_SchedRef_TC012 -->
        <test-method status="FAIL" signature="HS_Contract_SchedRef_TC013()[pri:0, instance:exe.HS_TS005_Contract_SchedRef_Check@56ef9176]" name="HS_Contract_SchedRef_TC013" duration-ms="7" started-at="2017-07-17T11:21:15Z" finished-at="2017-07-17T11:21:15Z">
          <exception class="junit.framework.AssertionFailedError">
            <message>
              <![CDATA[HS_Contract_SchedRef Is Mandatory expected:<0> but was:<1>]]>
            </message>
            <full-stacktrace>
              <![CDATA[junit.framework.AssertionFailedError: HS_Contract_SchedRef Is Mandatory expected:<0> but was:<1>
	at junit.framework.Assert.fail(Assert.java:57)
	at junit.framework.Assert.failNotEquals(Assert.java:329)
	at junit.framework.Assert.assertEquals(Assert.java:78)
	at junit.framework.Assert.assertEquals(Assert.java:234)
	at exe.HS_TS005_Contract_SchedRef_Check.HS_Contract_SchedRef_TC013(HS_TS005_Contract_SchedRef_Check.java:61)
	at sun.reflect.NativeMethodAccessorImpl.invoke0(Native Method)
	at sun.reflect.NativeMethodAccessorImpl.invoke(NativeMethodAccessorImpl.java:62)
	at sun.reflect.DelegatingMethodAccessorImpl.invoke(DelegatingMethodAccessorImpl.java:43)
	at java.lang.reflect.Method.invoke(Method.java:498)
	at org.testng.internal.MethodInvocationHelper.invokeMethod(MethodInvocationHelper.java:108)
	at org.testng.internal.Invoker.invokeMethod(Invoker.java:661)
	at org.testng.internal.Invoker.invokeTestMethod(Invoker.java:869)
	at org.testng.internal.Invoker.invokeTestMethods(Invoker.java:1193)
	at org.testng.internal.TestMethodWorker.invokeTestMethods(TestMethodWorker.java:126)
	at org.testng.internal.TestMethodWorker.run(TestMethodWorker.java:109)
	at org.testng.TestRunner.privateRun(TestRunner.java:744)
	at org.testng.TestRunner.run(TestRunner.java:602)
	at org.testng.SuiteRunner.runTest(SuiteRunner.java:380)
	at org.testng.SuiteRunner.runSequentially(SuiteRunner.java:375)
	at org.testng.SuiteRunner.privateRun(SuiteRunner.java:340)
	at org.testng.SuiteRunner.run(SuiteRunner.java:289)
	at org.testng.SuiteRunnerWorker.runSuite(SuiteRunnerWorker.java:52)
	at org.testng.SuiteRunnerWorker.run(SuiteRunnerWorker.java:86)
	at org.testng.TestNG.runSuitesSequentially(TestNG.java:1301)
	at org.testng.TestNG.runSuitesLocally(TestNG.java:1226)
	at org.testng.TestNG.runSuites(TestNG.java:1144)
	at org.testng.TestNG.run(TestNG.java:1115)
	at org.testng.remote.AbstractRemoteTestNG.run(AbstractRemoteTestNG.java:132)
	at org.testng.remote.RemoteTestNG.initAndRun(RemoteTestNG.java:230)
	at org.testng.remote.RemoteTestNG.main(RemoteTestNG.java:76)
]]>
            </full-stacktrace>
          </exception> <!-- junit.framework.AssertionFailedError -->
          <reporter-output>
          </reporter-output>
        </test-method> <!-- HS_Contract_SchedRef_TC013 -->
      </class> <!-- exe.HS_TS005_Contract_SchedRef_Check -->
    </test> <!-- Test -->
  </suite> <!-- Suite -->
</testng-results>
